{"/usr/src/app/_build/test/index.js":{"path":"/usr/src/app/_build/test/index.js","statementMap":{"0":{"start":{"line":1,"column":15},"end":{"line":1,"column":28}},"1":{"start":{"line":2,"column":16},"end":{"line":2,"column":37}},"2":{"start":{"line":3,"column":23},"end":{"line":3,"column":54}},"3":{"start":{"line":4,"column":24},"end":{"line":4,"column":50}},"4":{"start":{"line":5,"column":19},"end":{"line":5,"column":40}},"5":{"start":{"line":6,"column":19},"end":{"line":6,"column":50}},"6":{"start":{"line":7,"column":18},"end":{"line":14,"column":1}},"7":{"start":{"line":8,"column":2},"end":{"line":12,"column":3}},"8":{"start":{"line":9,"column":4},"end":{"line":11,"column":123}},"9":{"start":{"line":10,"column":6},"end":{"line":11,"column":123}},"10":{"start":{"line":11,"column":8},"end":{"line":11,"column":123}},"11":{"start":{"line":11,"column":40},"end":{"line":11,"column":49}},"12":{"start":{"line":13,"column":2},"end":{"line":13,"column":12}},"13":{"start":{"line":15,"column":14},"end":{"line":15,"column":231}},"14":{"start":{"line":15,"column":44},"end":{"line":15,"column":230}},"15":{"start":{"line":16,"column":22},"end":{"line":16,"column":54}},"16":{"start":{"line":17,"column":27},"end":{"line":17,"column":51}},"17":{"start":{"line":18,"column":13},"end":{"line":18,"column":41}},"18":{"start":{"line":19,"column":12},"end":{"line":19,"column":39}},"19":{"start":{"line":20,"column":18},"end":{"line":20,"column":51}},"20":{"start":{"line":21,"column":30},"end":{"line":21,"column":78}},"21":{"start":{"line":22,"column":18},"end":{"line":22,"column":40}},"22":{"start":{"line":23,"column":20},"end":{"line":42,"column":1}},"23":{"start":{"line":24,"column":2},"end":{"line":41,"column":38}},"24":{"start":{"line":25,"column":4},"end":{"line":40,"column":7}},"25":{"start":{"line":26,"column":26},"end":{"line":29,"column":8}},"26":{"start":{"line":30,"column":6},"end":{"line":30,"column":119}},"27":{"start":{"line":31,"column":6},"end":{"line":31,"column":20}},"28":{"start":{"line":32,"column":6},"end":{"line":32,"column":21}},"29":{"start":{"line":33,"column":6},"end":{"line":33,"column":74}},"30":{"start":{"line":34,"column":6},"end":{"line":34,"column":76}},"31":{"start":{"line":35,"column":6},"end":{"line":35,"column":55}},"32":{"start":{"line":36,"column":6},"end":{"line":36,"column":53}},"33":{"start":{"line":38,"column":6},"end":{"line":38,"column":50}},"34":{"start":{"line":39,"column":6},"end":{"line":39,"column":22}},"35":{"start":{"line":41,"column":20},"end":{"line":41,"column":36}},"36":{"start":{"line":43,"column":21},"end":{"line":82,"column":1}},"37":{"start":{"line":44,"column":2},"end":{"line":44,"column":94}},"38":{"start":{"line":45,"column":2},"end":{"line":45,"column":81}},"39":{"start":{"line":46,"column":2},"end":{"line":46,"column":86}},"40":{"start":{"line":47,"column":2},"end":{"line":59,"column":5}},"41":{"start":{"line":48,"column":4},"end":{"line":48,"column":97}},"42":{"start":{"line":49,"column":4},"end":{"line":49,"column":45}},"43":{"start":{"line":50,"column":4},"end":{"line":58,"column":12}},"44":{"start":{"line":51,"column":6},"end":{"line":51,"column":28}},"45":{"start":{"line":52,"column":6},"end":{"line":57,"column":15}},"46":{"start":{"line":53,"column":8},"end":{"line":53,"column":101}},"47":{"start":{"line":54,"column":8},"end":{"line":54,"column":22}},"48":{"start":{"line":55,"column":8},"end":{"line":55,"column":101}},"49":{"start":{"line":56,"column":8},"end":{"line":56,"column":15}},"50":{"start":{"line":60,"column":2},"end":{"line":78,"column":5}},"51":{"start":{"line":61,"column":4},"end":{"line":61,"column":98}},"52":{"start":{"line":62,"column":4},"end":{"line":62,"column":18}},"53":{"start":{"line":63,"column":4},"end":{"line":63,"column":98}},"54":{"start":{"line":64,"column":4},"end":{"line":64,"column":24}},"55":{"start":{"line":65,"column":4},"end":{"line":77,"column":12}},"56":{"start":{"line":66,"column":25},"end":{"line":66,"column":75}},"57":{"start":{"line":67,"column":18},"end":{"line":70,"column":8}},"58":{"start":{"line":71,"column":6},"end":{"line":71,"column":72}},"59":{"start":{"line":72,"column":6},"end":{"line":72,"column":48}},"60":{"start":{"line":73,"column":6},"end":{"line":73,"column":100}},"61":{"start":{"line":74,"column":6},"end":{"line":74,"column":20}},"62":{"start":{"line":75,"column":6},"end":{"line":75,"column":100}},"63":{"start":{"line":76,"column":6},"end":{"line":76,"column":13}},"64":{"start":{"line":79,"column":2},"end":{"line":81,"column":5}},"65":{"start":{"line":80,"column":4},"end":{"line":80,"column":36}},"66":{"start":{"line":83,"column":0},"end":{"line":83,"column":14}}},"fnMap":{"0":{"name":"(anonymous_0)","decl":{"start":{"line":7,"column":18},"end":{"line":7,"column":19}},"loc":{"start":{"line":7,"column":46},"end":{"line":14,"column":1}},"line":7},"1":{"name":"(anonymous_1)","decl":{"start":{"line":11,"column":34},"end":{"line":11,"column":35}},"loc":{"start":{"line":11,"column":40},"end":{"line":11,"column":49}},"line":11},"2":{"name":"(anonymous_2)","decl":{"start":{"line":15,"column":14},"end":{"line":15,"column":15}},"loc":{"start":{"line":15,"column":44},"end":{"line":15,"column":230}},"line":15},"3":{"name":"(anonymous_3)","decl":{"start":{"line":23,"column":20},"end":{"line":23,"column":21}},"loc":{"start":{"line":23,"column":26},"end":{"line":42,"column":1}},"line":23},"4":{"name":"(anonymous_4)","decl":{"start":{"line":24,"column":22},"end":{"line":24,"column":23}},"loc":{"start":{"line":24,"column":31},"end":{"line":41,"column":3}},"line":24},"5":{"name":"(anonymous_5)","decl":{"start":{"line":25,"column":77},"end":{"line":25,"column":78}},"loc":{"start":{"line":25,"column":84},"end":{"line":37,"column":5}},"line":25},"6":{"name":"(anonymous_6)","decl":{"start":{"line":37,"column":13},"end":{"line":37,"column":14}},"loc":{"start":{"line":37,"column":22},"end":{"line":40,"column":5}},"line":37},"7":{"name":"(anonymous_7)","decl":{"start":{"line":41,"column":11},"end":{"line":41,"column":12}},"loc":{"start":{"line":41,"column":20},"end":{"line":41,"column":36}},"line":41},"8":{"name":"(anonymous_8)","decl":{"start":{"line":43,"column":21},"end":{"line":43,"column":22}},"loc":{"start":{"line":43,"column":27},"end":{"line":82,"column":1}},"line":43},"9":{"name":"(anonymous_9)","decl":{"start":{"line":47,"column":9},"end":{"line":47,"column":10}},"loc":{"start":{"line":47,"column":19},"end":{"line":59,"column":3}},"line":47},"10":{"name":"(anonymous_10)","decl":{"start":{"line":50,"column":15},"end":{"line":50,"column":16}},"loc":{"start":{"line":50,"column":26},"end":{"line":58,"column":5}},"line":50},"11":{"name":"(anonymous_11)","decl":{"start":{"line":52,"column":17},"end":{"line":52,"column":18}},"loc":{"start":{"line":52,"column":28},"end":{"line":57,"column":7}},"line":52},"12":{"name":"(anonymous_12)","decl":{"start":{"line":60,"column":8},"end":{"line":60,"column":9}},"loc":{"start":{"line":60,"column":18},"end":{"line":78,"column":3}},"line":60},"13":{"name":"(anonymous_13)","decl":{"start":{"line":65,"column":15},"end":{"line":65,"column":16}},"loc":{"start":{"line":65,"column":26},"end":{"line":77,"column":5}},"line":65},"14":{"name":"(anonymous_14)","decl":{"start":{"line":79,"column":21},"end":{"line":79,"column":22}},"loc":{"start":{"line":79,"column":27},"end":{"line":81,"column":3}},"line":79}},"branchMap":{"0":{"loc":{"start":{"line":8,"column":2},"end":{"line":12,"column":3}},"type":"if","locations":[{"start":{"line":8,"column":2},"end":{"line":12,"column":3}},{"start":{"line":8,"column":2},"end":{"line":12,"column":3}}],"line":8},"1":{"loc":{"start":{"line":8,"column":6},"end":{"line":8,"column":68}},"type":"binary-expr","locations":[{"start":{"line":8,"column":6},"end":{"line":8,"column":10}},{"start":{"line":8,"column":14},"end":{"line":8,"column":38}},{"start":{"line":8,"column":42},"end":{"line":8,"column":68}}],"line":8},"2":{"loc":{"start":{"line":10,"column":6},"end":{"line":11,"column":123}},"type":"if","locations":[{"start":{"line":10,"column":6},"end":{"line":11,"column":123}},{"start":{"line":10,"column":6},"end":{"line":11,"column":123}}],"line":10},"3":{"loc":{"start":{"line":10,"column":10},"end":{"line":10,"column":55}},"type":"binary-expr","locations":[{"start":{"line":10,"column":10},"end":{"line":10,"column":37}},{"start":{"line":10,"column":41},"end":{"line":10,"column":55}}],"line":10},"4":{"loc":{"start":{"line":11,"column":63},"end":{"line":11,"column":119}},"type":"binary-expr","locations":[{"start":{"line":11,"column":63},"end":{"line":11,"column":100}},{"start":{"line":11,"column":104},"end":{"line":11,"column":119}}],"line":11},"5":{"loc":{"start":{"line":15,"column":53},"end":{"line":15,"column":99}},"type":"cond-expr","locations":[{"start":{"line":15,"column":67},"end":{"line":15,"column":94}},{"start":{"line":15,"column":97},"end":{"line":15,"column":99}}],"line":15},"6":{"loc":{"start":{"line":15,"column":113},"end":{"line":15,"column":224}},"type":"cond-expr","locations":[{"start":{"line":15,"column":153},"end":{"line":15,"column":215}},{"start":{"line":15,"column":218},"end":{"line":15,"column":224}}],"line":15},"7":{"loc":{"start":{"line":15,"column":113},"end":{"line":15,"column":150}},"type":"binary-expr","locations":[{"start":{"line":15,"column":113},"end":{"line":15,"column":123}},{"start":{"line":15,"column":127},"end":{"line":15,"column":131}},{"start":{"line":15,"column":135},"end":{"line":15,"column":150}}],"line":15}},"s":{"0":1,"1":1,"2":1,"3":1,"4":1,"5":1,"6":1,"7":4,"8":4,"9":9,"10":9,"11":8,"12":4,"13":1,"14":4,"15":1,"16":1,"17":1,"18":1,"19":1,"20":1,"21":1,"22":1,"23":1,"24":1,"25":1,"26":1,"27":1,"28":1,"29":1,"30":1,"31":1,"32":1,"33":0,"34":0,"35":0,"36":1,"37":1,"38":1,"39":1,"40":1,"41":1,"42":1,"43":1,"44":1,"45":1,"46":1,"47":1,"48":1,"49":1,"50":1,"51":1,"52":1,"53":1,"54":1,"55":1,"56":1,"57":1,"58":1,"59":1,"60":1,"61":1,"62":1,"63":1,"64":1,"65":1,"66":1},"f":{"0":4,"1":8,"2":4,"3":1,"4":1,"5":1,"6":0,"7":0,"8":1,"9":1,"10":1,"11":1,"12":1,"13":1,"14":1},"b":{"0":[4,0],"1":[4,4,0],"2":[9,0],"3":[9,9],"4":[9,9],"5":[4,0],"6":[0,4],"7":[4,4,4]},"inputSourceMap":{"version":3,"sources":["../../src/test/index.ts"],"sourcesContent":["import 'module-alias/register'; \nimport { exec } from 'child_process';\nimport * as Server from '@/server';\nimport * as Utils from '@/utils'; \nimport XConfig from '@config/_core'\nimport fileManipulator from '@/lib/files/file-manipulator';\n\nconst TestUtils = require('@test/utils');\n\nconst buildServer = () => {\n    Server.build().then(app => {\n    app.listen(XConfig.get('/application/port'), '0.0.0.0')\n        .then(_ => {\n        const exitHandler = Utils.terminate(app, {\n            coredump: false,\n            timeout: 500\n        })\n\n        console.log(`Server started. ENV=${process.env.NODE_ENV}, PORT=${XConfig.get('/application/port')}`);\n        console.log();\n        startTesting()\n\n        process.on('uncaughtException', exitHandler(1, 'Unexpected Error'))\n        process.on('unhandledRejection', exitHandler(1, 'Unhandled Promise'))\n        process.on('SIGTERM', exitHandler(0, 'SIGTERM'))\n        process.on('SIGINT', exitHandler(0, 'SIGINT'))\n        })\n        \n        .catch(err => {\n        console.log('Error starting server: ', err)\n        process.exit(1)\n        })\n    })\n    .catch(err => console.log(err))\n}\n\nconst startTesting = () => {\n    console.log(\"=================================> BEGIN <==================================\");\n    console.log(`APP Name: ${XConfig.get('/application/info/title')}`);\n    console.log(`APP Version: ${XConfig.get('/application/info/version')}`);\n\n        before((done) => {\n            console.log('--------------------------- START: Prepare Server -------------------------- ');\n            console.log('Open server connection...');\n             setTimeout(function () {\n                TestUtils.migrateDB();\n                setTimeout(function () {\n                    console.log('--------------------------- FINISH: Prepare Server ------------------------- ');\n                    console.log();\n                    console.log('------------------------------- START: Test -------------------------------- ');\n                    done();\n                 }, 16000)\n             }, 2000)\n        });\n\n        \n    \n        after((done) => {\n            console.log('------------------------------- FINISH: Test -------------------------------- ');\n            console.log();\n            console.log('--------------------------- START: Clean Up Server -------------------------- ');\n            TestUtils.cleanDB();\n            setTimeout(function () {\n                const statifFile = XConfig.get('/application/staticFile');\n                const dir = fileManipulator.getDirPath({\n                    definition: statifFile.definition.default,\n                    manifest: 'root'\n                });\n                exec(`rm -rf ${statifFile.root}${dir}`);\n                console.log('Close server connection...');\n                console.log('--------------------------- FINISH: Clean Up Server ------------------------- ');\n                console.log();\n                console.log('==================================> END <==================================== ');\n                done();\n             }, 5000)\n        }); \n    \n\n        //API V1\n        describe('API v1',  () => {\n            require('./testcases/v1/_base');\n        })\n}\n\nbuildServer();"],"mappings":";;;;;;;;;;;;;;;AAAA,sBAAO;AACP,2BAAqB;AACrB,aAAwB;AACxB,YAAuB;AACvB,kBAAoB;AACpB,8BAA4B;AAE5B,MAAM,YAAY,QAAQ,aAAa;AAEvC,MAAM,cAAc,MAAM;AACtB,SAAO,MAAM,EAAE,KAAK,SAAO;AAC3B,QAAI,OAAO,oBAAQ,IAAI,mBAAmB,GAAG,SAAS,EACjD,KAAK,OAAK;AACX,YAAM,cAAc,MAAM,UAAU,KAAK;AAAA,QACrC,UAAU;AAAA,QACV,SAAS;AAAA,MACb,CAAC;AAED,cAAQ,IAAI,uBAAuB,QAAQ,IAAI,kBAAkB,oBAAQ,IAAI,mBAAmB,GAAG;AACnG,cAAQ,IAAI;AACZ,mBAAa;AAEb,cAAQ,GAAG,qBAAqB,YAAY,GAAG,kBAAkB,CAAC;AAClE,cAAQ,GAAG,sBAAsB,YAAY,GAAG,mBAAmB,CAAC;AACpE,cAAQ,GAAG,WAAW,YAAY,GAAG,SAAS,CAAC;AAC/C,cAAQ,GAAG,UAAU,YAAY,GAAG,QAAQ,CAAC;AAAA,IAC7C,CAAC,EAEA,MAAM,SAAO;AACd,cAAQ,IAAI,2BAA2B,GAAG;AAC1C,cAAQ,KAAK,CAAC;AAAA,IACd,CAAC;AAAA,EACL,CAAC,EACA,MAAM,SAAO,QAAQ,IAAI,GAAG,CAAC;AAClC;AAEA,MAAM,eAAe,MAAM;AACvB,UAAQ,IAAI,8EAA8E;AAC1F,UAAQ,IAAI,aAAa,oBAAQ,IAAI,yBAAyB,GAAG;AACjE,UAAQ,IAAI,gBAAgB,oBAAQ,IAAI,2BAA2B,GAAG;AAElE,SAAO,CAAC,SAAS;AACb,YAAQ,IAAI,+EAA+E;AAC3F,YAAQ,IAAI,2BAA2B;AACtC,eAAW,WAAY;AACpB,gBAAU,UAAU;AACpB,iBAAW,WAAY;AACnB,gBAAQ,IAAI,+EAA+E;AAC3F,gBAAQ,IAAI;AACZ,gBAAQ,IAAI,+EAA+E;AAC3F,aAAK;AAAA,MACR,GAAG,IAAK;AAAA,IACZ,GAAG,GAAI;AAAA,EACZ,CAAC;AAID,QAAM,CAAC,SAAS;AACZ,YAAQ,IAAI,gFAAgF;AAC5F,YAAQ,IAAI;AACZ,YAAQ,IAAI,gFAAgF;AAC5F,cAAU,QAAQ;AAClB,eAAW,WAAY;AACnB,YAAM,aAAa,oBAAQ,IAAI,yBAAyB;AACxD,YAAM,MAAM,gCAAgB,WAAW;AAAA,QACnC,YAAY,WAAW,WAAW;AAAA,QAClC,UAAU;AAAA,MACd,CAAC;AACD,qCAAK,UAAU,WAAW,OAAO,KAAK;AACtC,cAAQ,IAAI,4BAA4B;AACxC,cAAQ,IAAI,gFAAgF;AAC5F,cAAQ,IAAI;AACZ,cAAQ,IAAI,gFAAgF;AAC5F,WAAK;AAAA,IACR,GAAG,GAAI;AAAA,EACZ,CAAC;AAID,WAAS,UAAW,MAAM;AACtB,YAAQ,sBAAsB;AAAA,EAClC,CAAC;AACT;AAEA,YAAY;","names":[]},"_coverageSchema":"1a1c01bbd47fc00a2c39e90264f33305004495a9","hash":"839adff95c47b7338d9c12347104b48adb85fc5a","contentHash":"192b494db44f7cfdfd0605bb673544f32a5ac825dabd665bfbf17267653e5db2"},"/usr/src/app/_build/server.js":{"path":"/usr/src/app/_build/server.js","statementMap":{"0":{"start":{"line":1,"column":15},"end":{"line":1,"column":28}},"1":{"start":{"line":2,"column":16},"end":{"line":2,"column":37}},"2":{"start":{"line":3,"column":23},"end":{"line":3,"column":54}},"3":{"start":{"line":4,"column":24},"end":{"line":4,"column":50}},"4":{"start":{"line":5,"column":19},"end":{"line":5,"column":40}},"5":{"start":{"line":6,"column":19},"end":{"line":6,"column":50}},"6":{"start":{"line":7,"column":15},"end":{"line":10,"column":1}},"7":{"start":{"line":8,"column":2},"end":{"line":9,"column":66}},"8":{"start":{"line":9,"column":4},"end":{"line":9,"column":66}},"9":{"start":{"line":11,"column":18},"end":{"line":18,"column":1}},"10":{"start":{"line":12,"column":2},"end":{"line":16,"column":3}},"11":{"start":{"line":13,"column":4},"end":{"line":15,"column":123}},"12":{"start":{"line":14,"column":6},"end":{"line":15,"column":123}},"13":{"start":{"line":15,"column":8},"end":{"line":15,"column":123}},"14":{"start":{"line":15,"column":40},"end":{"line":15,"column":49}},"15":{"start":{"line":17,"column":2},"end":{"line":17,"column":12}},"16":{"start":{"line":19,"column":14},"end":{"line":19,"column":231}},"17":{"start":{"line":19,"column":44},"end":{"line":19,"column":230}},"18":{"start":{"line":20,"column":19},"end":{"line":20,"column":90}},"19":{"start":{"line":20,"column":28},"end":{"line":20,"column":90}},"20":{"start":{"line":21,"column":14},"end":{"line":40,"column":1}},"21":{"start":{"line":22,"column":2},"end":{"line":39,"column":5}},"22":{"start":{"line":23,"column":20},"end":{"line":29,"column":5}},"23":{"start":{"line":24,"column":6},"end":{"line":28,"column":7}},"24":{"start":{"line":25,"column":8},"end":{"line":25,"column":36}},"25":{"start":{"line":27,"column":8},"end":{"line":27,"column":18}},"26":{"start":{"line":30,"column":19},"end":{"line":36,"column":5}},"27":{"start":{"line":31,"column":6},"end":{"line":35,"column":7}},"28":{"start":{"line":32,"column":8},"end":{"line":32,"column":37}},"29":{"start":{"line":34,"column":8},"end":{"line":34,"column":18}},"30":{"start":{"line":37,"column":15},"end":{"line":37,"column":100}},"31":{"start":{"line":37,"column":22},"end":{"line":37,"column":100}},"32":{"start":{"line":38,"column":4},"end":{"line":38,"column":68}},"33":{"start":{"line":41,"column":21},"end":{"line":41,"column":23}},"34":{"start":{"line":42,"column":0},"end":{"line":44,"column":3}},"35":{"start":{"line":43,"column":15},"end":{"line":43,"column":20}},"36":{"start":{"line":45,"column":0},"end":{"line":45,"column":46}},"37":{"start":{"line":46,"column":21},"end":{"line":46,"column":48}},"38":{"start":{"line":47,"column":16},"end":{"line":47,"column":38}},"39":{"start":{"line":48,"column":18},"end":{"line":48,"column":42}},"40":{"start":{"line":49,"column":19},"end":{"line":49,"column":37}},"41":{"start":{"line":50,"column":19},"end":{"line":50,"column":60}},"42":{"start":{"line":51,"column":19},"end":{"line":51,"column":40}},"43":{"start":{"line":52,"column":26},"end":{"line":52,"column":58}},"44":{"start":{"line":53,"column":28},"end":{"line":53,"column":62}},"45":{"start":{"line":54,"column":29},"end":{"line":54,"column":64}},"46":{"start":{"line":55,"column":28},"end":{"line":55,"column":62}},"47":{"start":{"line":56,"column":18},"end":{"line":56,"column":51}},"48":{"start":{"line":57,"column":27},"end":{"line":57,"column":80}},"49":{"start":{"line":58,"column":22},"end":{"line":58,"column":76}},"50":{"start":{"line":59,"column":19},"end":{"line":67,"column":1}},"51":{"start":{"line":62,"column":6},"end":{"line":62,"column":23}},"52":{"start":{"line":65,"column":19},"end":{"line":65,"column":68}},"53":{"start":{"line":68,"column":15},"end":{"line":79,"column":1}},"54":{"start":{"line":80,"column":12},"end":{"line":80,"column":26}},"55":{"start":{"line":81,"column":12},"end":{"line":92,"column":2}},"56":{"start":{"line":93,"column":0},"end":{"line":100,"column":38}},"57":{"start":{"line":96,"column":4},"end":{"line":96,"column":25}},"58":{"start":{"line":97,"column":4},"end":{"line":97,"column":29}},"59":{"start":{"line":98,"column":4},"end":{"line":98,"column":22}},"60":{"start":{"line":98,"column":17},"end":{"line":98,"column":21}},"61":{"start":{"line":101,"column":14},"end":{"line":181,"column":2}},"62":{"start":{"line":101,"column":20},"end":{"line":181,"column":2}},"63":{"start":{"line":103,"column":2},"end":{"line":125,"column":3}},"64":{"start":{"line":104,"column":4},"end":{"line":114,"column":7}},"65":{"start":{"line":116,"column":4},"end":{"line":124,"column":7}},"66":{"start":{"line":126,"column":2},"end":{"line":126,"column":42}},"67":{"start":{"line":127,"column":2},"end":{"line":160,"column":164}},"68":{"start":{"line":160,"column":143},"end":{"line":160,"column":162}},"69":{"start":{"line":161,"column":2},"end":{"line":179,"column":5}},"70":{"start":{"line":162,"column":4},"end":{"line":162,"column":78}},"71":{"start":{"line":163,"column":4},"end":{"line":167,"column":7}},"72":{"start":{"line":170,"column":4},"end":{"line":170,"column":56}},"73":{"start":{"line":171,"column":4},"end":{"line":171,"column":49}},"74":{"start":{"line":172,"column":4},"end":{"line":172,"column":47}},"75":{"start":{"line":173,"column":17},"end":{"line":173,"column":57}},"76":{"start":{"line":174,"column":4},"end":{"line":178,"column":7}},"77":{"start":{"line":180,"column":2},"end":{"line":180,"column":16}},"78":{"start":{"line":183,"column":0},"end":{"line":185,"column":3}}},"fnMap":{"0":{"name":"(anonymous_0)","decl":{"start":{"line":7,"column":15},"end":{"line":7,"column":16}},"loc":{"start":{"line":7,"column":32},"end":{"line":10,"column":1}},"line":7},"1":{"name":"(anonymous_1)","decl":{"start":{"line":11,"column":18},"end":{"line":11,"column":19}},"loc":{"start":{"line":11,"column":46},"end":{"line":18,"column":1}},"line":11},"2":{"name":"(anonymous_2)","decl":{"start":{"line":15,"column":34},"end":{"line":15,"column":35}},"loc":{"start":{"line":15,"column":40},"end":{"line":15,"column":49}},"line":15},"3":{"name":"(anonymous_3)","decl":{"start":{"line":19,"column":14},"end":{"line":19,"column":15}},"loc":{"start":{"line":19,"column":44},"end":{"line":19,"column":230}},"line":19},"4":{"name":"(anonymous_4)","decl":{"start":{"line":20,"column":19},"end":{"line":20,"column":20}},"loc":{"start":{"line":20,"column":28},"end":{"line":20,"column":90}},"line":20},"5":{"name":"(anonymous_5)","decl":{"start":{"line":21,"column":14},"end":{"line":21,"column":15}},"loc":{"start":{"line":21,"column":50},"end":{"line":40,"column":1}},"line":21},"6":{"name":"(anonymous_6)","decl":{"start":{"line":22,"column":21},"end":{"line":22,"column":22}},"loc":{"start":{"line":22,"column":42},"end":{"line":39,"column":3}},"line":22},"7":{"name":"(anonymous_7)","decl":{"start":{"line":23,"column":20},"end":{"line":23,"column":21}},"loc":{"start":{"line":23,"column":31},"end":{"line":29,"column":5}},"line":23},"8":{"name":"(anonymous_8)","decl":{"start":{"line":30,"column":19},"end":{"line":30,"column":20}},"loc":{"start":{"line":30,"column":30},"end":{"line":36,"column":5}},"line":30},"9":{"name":"(anonymous_9)","decl":{"start":{"line":37,"column":15},"end":{"line":37,"column":16}},"loc":{"start":{"line":37,"column":22},"end":{"line":37,"column":100}},"line":37},"10":{"name":"(anonymous_10)","decl":{"start":{"line":43,"column":9},"end":{"line":43,"column":10}},"loc":{"start":{"line":43,"column":15},"end":{"line":43,"column":20}},"line":43},"11":{"name":"(anonymous_11)","decl":{"start":{"line":61,"column":4},"end":{"line":61,"column":5}},"loc":{"start":{"line":61,"column":17},"end":{"line":63,"column":5}},"line":61},"12":{"name":"(anonymous_12)","decl":{"start":{"line":65,"column":13},"end":{"line":65,"column":14}},"loc":{"start":{"line":65,"column":19},"end":{"line":65,"column":68}},"line":65},"13":{"name":"(anonymous_13)","decl":{"start":{"line":95,"column":11},"end":{"line":95,"column":12}},"loc":{"start":{"line":95,"column":35},"end":{"line":99,"column":3}},"line":95},"14":{"name":"(anonymous_14)","decl":{"start":{"line":98,"column":11},"end":{"line":98,"column":12}},"loc":{"start":{"line":98,"column":17},"end":{"line":98,"column":21}},"line":98},"15":{"name":"(anonymous_15)","decl":{"start":{"line":101,"column":14},"end":{"line":101,"column":15}},"loc":{"start":{"line":101,"column":20},"end":{"line":181,"column":2}},"line":101},"16":{"name":"(anonymous_16)","decl":{"start":{"line":101,"column":42},"end":{"line":101,"column":43}},"loc":{"start":{"line":101,"column":55},"end":{"line":181,"column":1}},"line":101},"17":{"name":"(anonymous_17)","decl":{"start":{"line":160,"column":104},"end":{"line":160,"column":105}},"loc":{"start":{"line":160,"column":143},"end":{"line":160,"column":162}},"line":160},"18":{"name":"(anonymous_18)","decl":{"start":{"line":161,"column":98},"end":{"line":161,"column":99}},"loc":{"start":{"line":161,"column":118},"end":{"line":168,"column":3}},"line":161},"19":{"name":"(anonymous_19)","decl":{"start":{"line":168,"column":21},"end":{"line":168,"column":22}},"loc":{"start":{"line":168,"column":46},"end":{"line":179,"column":3}},"line":168}},"branchMap":{"0":{"loc":{"start":{"line":12,"column":2},"end":{"line":16,"column":3}},"type":"if","locations":[{"start":{"line":12,"column":2},"end":{"line":16,"column":3}},{"start":{"line":12,"column":2},"end":{"line":16,"column":3}}],"line":12},"1":{"loc":{"start":{"line":12,"column":6},"end":{"line":12,"column":68}},"type":"binary-expr","locations":[{"start":{"line":12,"column":6},"end":{"line":12,"column":10}},{"start":{"line":12,"column":14},"end":{"line":12,"column":38}},{"start":{"line":12,"column":42},"end":{"line":12,"column":68}}],"line":12},"2":{"loc":{"start":{"line":14,"column":6},"end":{"line":15,"column":123}},"type":"if","locations":[{"start":{"line":14,"column":6},"end":{"line":15,"column":123}},{"start":{"line":14,"column":6},"end":{"line":15,"column":123}}],"line":14},"3":{"loc":{"start":{"line":14,"column":10},"end":{"line":14,"column":55}},"type":"binary-expr","locations":[{"start":{"line":14,"column":10},"end":{"line":14,"column":37}},{"start":{"line":14,"column":41},"end":{"line":14,"column":55}}],"line":14},"4":{"loc":{"start":{"line":15,"column":63},"end":{"line":15,"column":119}},"type":"binary-expr","locations":[{"start":{"line":15,"column":63},"end":{"line":15,"column":100}},{"start":{"line":15,"column":104},"end":{"line":15,"column":119}}],"line":15},"5":{"loc":{"start":{"line":19,"column":53},"end":{"line":19,"column":99}},"type":"cond-expr","locations":[{"start":{"line":19,"column":67},"end":{"line":19,"column":94}},{"start":{"line":19,"column":97},"end":{"line":19,"column":99}}],"line":19},"6":{"loc":{"start":{"line":19,"column":113},"end":{"line":19,"column":224}},"type":"cond-expr","locations":[{"start":{"line":19,"column":153},"end":{"line":19,"column":215}},{"start":{"line":19,"column":218},"end":{"line":19,"column":224}}],"line":19},"7":{"loc":{"start":{"line":19,"column":113},"end":{"line":19,"column":150}},"type":"binary-expr","locations":[{"start":{"line":19,"column":113},"end":{"line":19,"column":123}},{"start":{"line":19,"column":127},"end":{"line":19,"column":131}},{"start":{"line":19,"column":135},"end":{"line":19,"column":150}}],"line":19},"8":{"loc":{"start":{"line":37,"column":22},"end":{"line":37,"column":100}},"type":"cond-expr","locations":[{"start":{"line":37,"column":31},"end":{"line":37,"column":47}},{"start":{"line":37,"column":50},"end":{"line":37,"column":100}}],"line":37},"9":{"loc":{"start":{"line":103,"column":2},"end":{"line":125,"column":3}},"type":"if","locations":[{"start":{"line":103,"column":2},"end":{"line":125,"column":3}},{"start":{"line":103,"column":2},"end":{"line":125,"column":3}}],"line":103},"10":{"loc":{"start":{"line":173,"column":17},"end":{"line":173,"column":57}},"type":"cond-expr","locations":[{"start":{"line":173,"column":49},"end":{"line":173,"column":51}},{"start":{"line":173,"column":54},"end":{"line":173,"column":57}}],"line":173},"11":{"loc":{"start":{"line":176,"column":13},"end":{"line":176,"column":57}},"type":"cond-expr","locations":[{"start":{"line":176,"column":39},"end":{"line":176,"column":41}},{"start":{"line":176,"column":44},"end":{"line":176,"column":57}}],"line":176},"12":{"loc":{"start":{"line":177,"column":15},"end":{"line":177,"column":52}},"type":"cond-expr","locations":[{"start":{"line":177,"column":44},"end":{"line":177,"column":46}},{"start":{"line":177,"column":49},"end":{"line":177,"column":52}}],"line":177},"13":{"loc":{"start":{"line":183,"column":0},"end":{"line":185,"column":2}},"type":"binary-expr","locations":[{"start":{"line":183,"column":0},"end":{"line":183,"column":1}},{"start":{"line":183,"column":6},"end":{"line":185,"column":1}}],"line":183}},"s":{"0":1,"1":1,"2":1,"3":1,"4":1,"5":1,"6":1,"7":1,"8":1,"9":1,"10":12,"11":12,"12":67,"13":61,"14":11,"15":12,"16":1,"17":11,"18":1,"19":1,"20":1,"21":1,"22":1,"23":2,"24":2,"25":0,"26":1,"27":0,"28":0,"29":0,"30":1,"31":3,"32":1,"33":1,"34":1,"35":1,"36":1,"37":1,"38":1,"39":1,"40":1,"41":1,"42":1,"43":1,"44":1,"45":1,"46":1,"47":1,"48":1,"49":1,"50":1,"51":0,"52":0,"53":1,"54":1,"55":1,"56":1,"57":2,"58":2,"59":2,"60":5,"61":1,"62":1,"63":1,"64":0,"65":1,"66":1,"67":1,"68":20,"69":1,"70":0,"71":0,"72":4,"73":4,"74":4,"75":4,"76":4,"77":1,"78":1},"f":{"0":1,"1":12,"2":11,"3":11,"4":1,"5":1,"6":1,"7":2,"8":0,"9":3,"10":1,"11":0,"12":0,"13":2,"14":5,"15":1,"16":1,"17":20,"18":0,"19":4},"b":{"0":[12,0],"1":[12,12,6],"2":[61,6],"3":[67,61],"4":[61,61],"5":[11,0],"6":[7,4],"7":[11,11,11],"8":[1,2],"9":[0,1],"10":[0,4],"11":[4,0],"12":[4,0],"13":[1,0]},"inputSourceMap":{"version":3,"sources":["../src/server.ts"],"sourcesContent":["import fastify from 'fastify';\nimport os from 'os';\nimport pino from 'pino';\nimport { fromEnv } from '@/utils';\nimport regex from '@helpers/string/regex';\nimport { NOT_FOUND, INTERNAL_SERVER_ERROR } from '@rpc/error';\n\n\n//IMPORT MODULES\nimport FsCors from 'fastify-cors';\nimport FsHelmet from 'fastify-helmet';\nimport FsSwagger from 'fastify-swagger';\nimport FsStatic from 'fastify-static';\nimport XConfig from '@config/_core';\nimport XModAuthJWTVerify from '@authentication/jwt/jwtAuthVerify';\nimport XModDBPostgres from '@/lib/connection/database/postgres';\n\n// LOG\nconst logsConfig = {\n  formatters: {\n    level (level) {\n      return { level }\n    }\n  },\n  timestamp: () => `,\"time\":\"${new Date(Date.now()).toISOString()}\"`,\n  level: fromEnv('LOG_LEVEL')\n}\n\nconst logger = {\n  development: {\n    prettyPrint: {\n      colorize: true,\n      levelFirst: true,\n      ignore: 'time,pid,hostname'\n    },\n    level: fromEnv('LOG_LEVEL')\n  },\n  staging: logsConfig,\n  production: logsConfig\n}\n\n\n// Schema Compiler\nconst Ajv = require('ajv');\nconst ajv = new Ajv({\n  $data: true,\n  strict: true,\n  allErrors: true,\n  useDefaults: true,\n  coerceTypes: true,\n  validateFormats: true,\n  unicodeRegExp: true,\n  formats: {\n    'uri': regex.uri\n  }\n});\n\najv.addKeyword({\n  keyword: \"isFileType\",\n  compile: (schema, parent, it) => {\n    parent.type = 'file'\n    delete parent.isFileType\n    return () => true\n  }\n}).addKeyword({keyword: 'example'});\n\n// Build Server\nconst build = async () => {\n  // Fastify Server\n  let server;\n  if(fromEnv('NODE_ENV')!='test'){\n    server = fastify({\n      bodyLimit: 1048576 * 2,\n      logger: pino(logger[fromEnv('NODE_ENV')]),\n      http2: true,\n      https: XConfig.get('/application/tlsOptions'),\n      schemaController: {\n        compilersFactory: {\n          buildValidator: ajv\n        }\n      }\n    });\n  }else{\n    server = fastify({\n      bodyLimit: 1048576 * 2,\n      logger: null,\n      schemaController: {\n        compilersFactory: {\n          buildValidator: ajv\n        }\n      }\n    });\n  }\n\n  console.table(os.cpus());\n\n  // Register Modules\n  await server\n  //CORS\n  .register(FsCors, {\n    origin: '*',\n    methods: ['GET','POST','PATCH','UPDATE']\n  })\n  //Helmet\n  .register(FsHelmet, {\n    contentSecurityPolicy: {\n      directives: {\n        baseUri: ['\\'self\\''],\n        defaultSrc: ['\\'self\\''],\n        scriptSrc: ['\\'self\\''],\n        objectSrc: ['\\'self\\''],\n        workerSrc: ['\\'self\\'', 'blob:'],\n        frameSrc: ['\\'self\\''],\n        formAction: ['\\'self\\''],\n        upgradeInsecureRequests: []\n      }\n    }\n  })\n  // FILE-UPLOAD\n  .register(FsStatic, {\n    root: `${XConfig.get('/application/staticFile/root')}/${XConfig.get('/application/staticFile/definition/default/directory')}`,\n    prefix: `/${XConfig.get('/application/staticFile/definition/default/prefix')}/`\n  })\n  .register(require('fastify-multipart'),\n  {\n    // attachFieldsToBody: true\n    addToBody: true\n  })\n  // AUTHENTICATION\n  .register(XModAuthJWTVerify, {\n    name: 'authenticate-jwt-default',\n    config: XConfig.get('/jwtAuthOptions/default'),\n    validationMethod: 'none'\n  })\n  // DATABASE\n  .register(XModDBPostgres,\n  [\n    {\n      credential: XConfig.get('/databases/postgres/default'),\n      info: {\n        id: \"DEFAULT\",\n        env: XConfig.get('/application/environment')\n      }\n    }\n  ])\n  // DOCUMENTATION\n  .register(FsSwagger, XConfig.get('/swagger'))\n  .setValidatorCompiler(({ schema, method, url, httpPart }) =>\n    ajv.compile(schema)\n  );\n\n  //ROUTES\n  await server\n  .register(require('@api/v1/_core/routes'), { prefix: 'api/v1' })\n  .setNotFoundHandler((request, reply) => {\n    server.log.debug(`Route not found: ${request.method}:${request.raw.url}`)\n\n    reply.status(404).send({\n      statusCode: 404,\n      error: NOT_FOUND,\n      message: `Route ${request.method}:${request.raw.url} not found`\n    })\n  })\n  .setErrorHandler((err, request, reply) => {\n    server.log.debug(`Request url: ${request.raw.url}`)\n    server.log.debug(`Payload: ${request.body}`)\n    server.log.error(`Error occurred: ${err}`)\n\n    const code = err.statusCode ?? 400\n\n    reply.status(code).send({\n      statusCode: code,\n      error: err.name ?? \"Bad Request\",\n      message: err.message ?? err\n    })\n  });\n\n  return server\n}\n\n// implement inversion of control to make the code testable\nexport {\n  build\n}\n"],"mappings":";;;;;;;;;;;;;;;;;;;;;;;;;;;;;;;;;;;;;;;;AAAA;AAAA;AAAA;AAAA;AAAA;AAAA,qBAAoB;AACpB,gBAAe;AACf,kBAAiB;AACjB,mBAAwB;AACxB,mBAAkB;AAClB,mBAAiD;AAIjD,0BAAmB;AACnB,4BAAqB;AACrB,6BAAsB;AACtB,4BAAqB;AACrB,kBAAoB;AACpB,2BAA8B;AAC9B,sBAA2B;AAG3B,MAAM,aAAa;AAAA,EACjB,YAAY;AAAA,IACV,MAAO,OAAO;AACZ,aAAO,EAAE,MAAM;AAAA,IACjB;AAAA,EACF;AAAA,EACA,WAAW,MAAM,YAAY,IAAI,KAAK,KAAK,IAAI,CAAC,EAAE,YAAY;AAAA,EAC9D,OAAO,0BAAQ,WAAW;AAC5B;AAEA,MAAM,SAAS;AAAA,EACb,aAAa;AAAA,IACX,aAAa;AAAA,MACX,UAAU;AAAA,MACV,YAAY;AAAA,MACZ,QAAQ;AAAA,IACV;AAAA,IACA,OAAO,0BAAQ,WAAW;AAAA,EAC5B;AAAA,EACA,SAAS;AAAA,EACT,YAAY;AACd;AAIA,MAAM,MAAM,QAAQ,KAAK;AACzB,MAAM,MAAM,IAAI,IAAI;AAAA,EAClB,OAAO;AAAA,EACP,QAAQ;AAAA,EACR,WAAW;AAAA,EACX,aAAa;AAAA,EACb,aAAa;AAAA,EACb,iBAAiB;AAAA,EACjB,eAAe;AAAA,EACf,SAAS;AAAA,IACP,OAAO,qBAAM;AAAA,EACf;AACF,CAAC;AAED,IAAI,WAAW;AAAA,EACb,SAAS;AAAA,EACT,SAAS,CAAC,QAAQ,QAAQ,OAAO;AAC/B,WAAO,OAAO;AACd,WAAO,OAAO;AACd,WAAO,MAAM;AAAA,EACf;AACF,CAAC,EAAE,WAAW,EAAC,SAAS,UAAS,CAAC;AAGlC,MAAM,QAAQ,MAAY;AAExB,MAAI;AACJ,MAAG,0BAAQ,UAAU,KAAG,QAAO;AAC7B,aAAS,4BAAQ;AAAA,MACf,WAAW,UAAU;AAAA,MACrB,QAAQ,yBAAK,OAAO,0BAAQ,UAAU,EAAE;AAAA,MACxC,OAAO;AAAA,MACP,OAAO,oBAAQ,IAAI,yBAAyB;AAAA,MAC5C,kBAAkB;AAAA,QAChB,kBAAkB;AAAA,UAChB,gBAAgB;AAAA,QAClB;AAAA,MACF;AAAA,IACF,CAAC;AAAA,EACH,OAAK;AACH,aAAS,4BAAQ;AAAA,MACf,WAAW,UAAU;AAAA,MACrB,QAAQ;AAAA,MACR,kBAAkB;AAAA,QAChB,kBAAkB;AAAA,UAChB,gBAAgB;AAAA,QAClB;AAAA,MACF;AAAA,IACF,CAAC;AAAA,EACH;AAEA,UAAQ,MAAM,kBAAG,KAAK,CAAC;AAGvB,QAAM,OAEL,SAAS,6BAAQ;AAAA,IAChB,QAAQ;AAAA,IACR,SAAS,CAAC,OAAM,QAAO,SAAQ,QAAQ;AAAA,EACzC,CAAC,EAEA,SAAS,+BAAU;AAAA,IAClB,uBAAuB;AAAA,MACrB,YAAY;AAAA,QACV,SAAS,CAAC,QAAU;AAAA,QACpB,YAAY,CAAC,QAAU;AAAA,QACvB,WAAW,CAAC,QAAU;AAAA,QACtB,WAAW,CAAC,QAAU;AAAA,QACtB,WAAW,CAAC,UAAY,OAAO;AAAA,QAC/B,UAAU,CAAC,QAAU;AAAA,QACrB,YAAY,CAAC,QAAU;AAAA,QACvB,yBAAyB,CAAC;AAAA,MAC5B;AAAA,IACF;AAAA,EACF,CAAC,EAEA,SAAS,+BAAU;AAAA,IAClB,MAAM,GAAG,oBAAQ,IAAI,8BAA8B,KAAK,oBAAQ,IAAI,sDAAsD;AAAA,IAC1H,QAAQ,IAAI,oBAAQ,IAAI,mDAAmD;AAAA,EAC7E,CAAC,EACA,SAAS,QAAQ,mBAAmB,GACrC;AAAA,IAEE,WAAW;AAAA,EACb,CAAC,EAEA,SAAS,8BAAmB;AAAA,IAC3B,MAAM;AAAA,IACN,QAAQ,oBAAQ,IAAI,yBAAyB;AAAA,IAC7C,kBAAkB;AAAA,EACpB,CAAC,EAEA,SAAS,yBACV;AAAA,IACE;AAAA,MACE,YAAY,oBAAQ,IAAI,6BAA6B;AAAA,MACrD,MAAM;AAAA,QACJ,IAAI;AAAA,QACJ,KAAK,oBAAQ,IAAI,0BAA0B;AAAA,MAC7C;AAAA,IACF;AAAA,EACF,CAAC,EAEA,SAAS,gCAAW,oBAAQ,IAAI,UAAU,CAAC,EAC3C,qBAAqB,CAAC,EAAE,QAAQ,QAAQ,KAAK,eAC5C,IAAI,QAAQ,MAAM,CACpB;AAGA,QAAM,OACL,SAAS,QAAQ,sBAAsB,GAAG,EAAE,QAAQ,SAAS,CAAC,EAC9D,mBAAmB,CAAC,SAAS,UAAU;AACtC,WAAO,IAAI,MAAM,oBAAoB,QAAQ,UAAU,QAAQ,IAAI,KAAK;AAExE,UAAM,OAAO,GAAG,EAAE,KAAK;AAAA,MACrB,YAAY;AAAA,MACZ,OAAO;AAAA,MACP,SAAS,SAAS,QAAQ,UAAU,QAAQ,IAAI;AAAA,IAClD,CAAC;AAAA,EACH,CAAC,EACA,gBAAgB,CAAC,KAAK,SAAS,UAAU;AAnK5C;AAoKI,WAAO,IAAI,MAAM,gBAAgB,QAAQ,IAAI,KAAK;AAClD,WAAO,IAAI,MAAM,YAAY,QAAQ,MAAM;AAC3C,WAAO,IAAI,MAAM,mBAAmB,KAAK;AAEzC,UAAM,OAAO,UAAI,eAAJ,YAAkB;AAE/B,UAAM,OAAO,IAAI,EAAE,KAAK;AAAA,MACtB,YAAY;AAAA,MACZ,OAAO,UAAI,SAAJ,YAAY;AAAA,MACnB,SAAS,UAAI,YAAJ,YAAe;AAAA,IAC1B,CAAC;AAAA,EACH,CAAC;AAED,SAAO;AACT;","names":[]},"_coverageSchema":"1a1c01bbd47fc00a2c39e90264f33305004495a9","hash":"468fd0c7c043f5d5878656265a3943b74e07697e","contentHash":"9c4cb9caac5ca4715d9ba036d60ecc162b9cf14bfc526f9b35c6cb290966616a"},"/usr/src/app/_build/utils/index.js":{"path":"/usr/src/app/_build/utils/index.js","statementMap":{"0":{"start":{"line":1,"column":15},"end":{"line":1,"column":28}},"1":{"start":{"line":2,"column":16},"end":{"line":2,"column":37}},"2":{"start":{"line":3,"column":23},"end":{"line":3,"column":54}},"3":{"start":{"line":4,"column":24},"end":{"line":4,"column":50}},"4":{"start":{"line":5,"column":19},"end":{"line":5,"column":40}},"5":{"start":{"line":6,"column":19},"end":{"line":6,"column":50}},"6":{"start":{"line":7,"column":15},"end":{"line":10,"column":1}},"7":{"start":{"line":8,"column":2},"end":{"line":9,"column":66}},"8":{"start":{"line":9,"column":4},"end":{"line":9,"column":66}},"9":{"start":{"line":11,"column":18},"end":{"line":18,"column":1}},"10":{"start":{"line":12,"column":2},"end":{"line":16,"column":3}},"11":{"start":{"line":13,"column":4},"end":{"line":15,"column":123}},"12":{"start":{"line":14,"column":6},"end":{"line":15,"column":123}},"13":{"start":{"line":15,"column":8},"end":{"line":15,"column":123}},"14":{"start":{"line":15,"column":40},"end":{"line":15,"column":49}},"15":{"start":{"line":17,"column":2},"end":{"line":17,"column":12}},"16":{"start":{"line":19,"column":14},"end":{"line":19,"column":231}},"17":{"start":{"line":19,"column":44},"end":{"line":19,"column":230}},"18":{"start":{"line":20,"column":19},"end":{"line":20,"column":90}},"19":{"start":{"line":20,"column":28},"end":{"line":20,"column":90}},"20":{"start":{"line":21,"column":20},"end":{"line":21,"column":22}},"21":{"start":{"line":22,"column":0},"end":{"line":25,"column":3}},"22":{"start":{"line":23,"column":17},"end":{"line":23,"column":39}},"23":{"start":{"line":24,"column":19},"end":{"line":24,"column":43}},"24":{"start":{"line":26,"column":0},"end":{"line":26,"column":45}},"25":{"start":{"line":27,"column":21},"end":{"line":27,"column":51}},"26":{"start":{"line":28,"column":23},"end":{"line":28,"column":55}},"27":{"start":{"line":30,"column":0},"end":{"line":33,"column":3}}},"fnMap":{"0":{"name":"(anonymous_0)","decl":{"start":{"line":7,"column":15},"end":{"line":7,"column":16}},"loc":{"start":{"line":7,"column":32},"end":{"line":10,"column":1}},"line":7},"1":{"name":"(anonymous_1)","decl":{"start":{"line":11,"column":18},"end":{"line":11,"column":19}},"loc":{"start":{"line":11,"column":46},"end":{"line":18,"column":1}},"line":11},"2":{"name":"(anonymous_2)","decl":{"start":{"line":15,"column":34},"end":{"line":15,"column":35}},"loc":{"start":{"line":15,"column":40},"end":{"line":15,"column":49}},"line":15},"3":{"name":"(anonymous_3)","decl":{"start":{"line":19,"column":14},"end":{"line":19,"column":15}},"loc":{"start":{"line":19,"column":44},"end":{"line":19,"column":230}},"line":19},"4":{"name":"(anonymous_4)","decl":{"start":{"line":20,"column":19},"end":{"line":20,"column":20}},"loc":{"start":{"line":20,"column":28},"end":{"line":20,"column":90}},"line":20},"5":{"name":"(anonymous_5)","decl":{"start":{"line":23,"column":11},"end":{"line":23,"column":12}},"loc":{"start":{"line":23,"column":17},"end":{"line":23,"column":39}},"line":23},"6":{"name":"(anonymous_6)","decl":{"start":{"line":24,"column":13},"end":{"line":24,"column":14}},"loc":{"start":{"line":24,"column":19},"end":{"line":24,"column":43}},"line":24}},"branchMap":{"0":{"loc":{"start":{"line":12,"column":2},"end":{"line":16,"column":3}},"type":"if","locations":[{"start":{"line":12,"column":2},"end":{"line":16,"column":3}},{"start":{"line":12,"column":2},"end":{"line":16,"column":3}}],"line":12},"1":{"loc":{"start":{"line":12,"column":6},"end":{"line":12,"column":68}},"type":"binary-expr","locations":[{"start":{"line":12,"column":6},"end":{"line":12,"column":10}},{"start":{"line":12,"column":14},"end":{"line":12,"column":38}},{"start":{"line":12,"column":42},"end":{"line":12,"column":68}}],"line":12},"2":{"loc":{"start":{"line":14,"column":6},"end":{"line":15,"column":123}},"type":"if","locations":[{"start":{"line":14,"column":6},"end":{"line":15,"column":123}},{"start":{"line":14,"column":6},"end":{"line":15,"column":123}}],"line":14},"3":{"loc":{"start":{"line":14,"column":10},"end":{"line":14,"column":55}},"type":"binary-expr","locations":[{"start":{"line":14,"column":10},"end":{"line":14,"column":37}},{"start":{"line":14,"column":41},"end":{"line":14,"column":55}}],"line":14},"4":{"loc":{"start":{"line":15,"column":63},"end":{"line":15,"column":119}},"type":"binary-expr","locations":[{"start":{"line":15,"column":63},"end":{"line":15,"column":100}},{"start":{"line":15,"column":104},"end":{"line":15,"column":119}}],"line":15},"5":{"loc":{"start":{"line":19,"column":53},"end":{"line":19,"column":99}},"type":"cond-expr","locations":[{"start":{"line":19,"column":67},"end":{"line":19,"column":94}},{"start":{"line":19,"column":97},"end":{"line":19,"column":99}}],"line":19},"6":{"loc":{"start":{"line":19,"column":113},"end":{"line":19,"column":224}},"type":"cond-expr","locations":[{"start":{"line":19,"column":153},"end":{"line":19,"column":215}},{"start":{"line":19,"column":218},"end":{"line":19,"column":224}}],"line":19},"7":{"loc":{"start":{"line":19,"column":113},"end":{"line":19,"column":150}},"type":"binary-expr","locations":[{"start":{"line":19,"column":113},"end":{"line":19,"column":123}},{"start":{"line":19,"column":127},"end":{"line":19,"column":131}},{"start":{"line":19,"column":135},"end":{"line":19,"column":150}}],"line":19},"8":{"loc":{"start":{"line":30,"column":0},"end":{"line":33,"column":2}},"type":"binary-expr","locations":[{"start":{"line":30,"column":0},"end":{"line":30,"column":1}},{"start":{"line":30,"column":6},"end":{"line":33,"column":1}}],"line":30}},"s":{"0":1,"1":1,"2":1,"3":1,"4":1,"5":1,"6":1,"7":1,"8":2,"9":1,"10":3,"11":3,"12":6,"13":6,"14":244,"15":3,"16":1,"17":2,"18":1,"19":1,"20":1,"21":1,"22":121,"23":1,"24":1,"25":1,"26":1,"27":1},"f":{"0":1,"1":3,"2":244,"3":2,"4":1,"5":121,"6":1},"b":{"0":[3,0],"1":[3,3,0],"2":[6,0],"3":[6,6],"4":[6,6],"5":[2,0],"6":[0,2],"7":[2,2,2],"8":[1,0]},"inputSourceMap":{"version":3,"sources":["../../src/utils/index.ts"],"sourcesContent":["import fromEnv from './_fromenv';\nimport terminate from './_terminate';\n \nexport  {\n  fromEnv,\n  terminate\n}\n"],"mappings":";;;;;;;;;;;;;;;;;;;;AAAA;AAAA;AAAA;AAAA;AAAA;AAAA;AAAA,qBAAoB;AACpB,uBAAsB;","names":[]},"_coverageSchema":"1a1c01bbd47fc00a2c39e90264f33305004495a9","hash":"78a23ec7295f35739af7caef14759badacff3f90","contentHash":"d21d079f5ab3ceae817474ea06b49512501ab00ce10c2cd2eaf889ca5f1fc8f1"},"/usr/src/app/_build/utils/_fromenv.js":{"path":"/usr/src/app/_build/utils/_fromenv.js","statementMap":{"0":{"start":{"line":1,"column":16},"end":{"line":1,"column":37}},"1":{"start":{"line":2,"column":23},"end":{"line":2,"column":54}},"2":{"start":{"line":3,"column":24},"end":{"line":3,"column":50}},"3":{"start":{"line":4,"column":19},"end":{"line":4,"column":50}},"4":{"start":{"line":5,"column":15},"end":{"line":8,"column":1}},"5":{"start":{"line":6,"column":2},"end":{"line":7,"column":66}},"6":{"start":{"line":7,"column":4},"end":{"line":7,"column":66}},"7":{"start":{"line":9,"column":18},"end":{"line":16,"column":1}},"8":{"start":{"line":10,"column":2},"end":{"line":14,"column":3}},"9":{"start":{"line":11,"column":4},"end":{"line":13,"column":123}},"10":{"start":{"line":12,"column":6},"end":{"line":13,"column":123}},"11":{"start":{"line":13,"column":8},"end":{"line":13,"column":123}},"12":{"start":{"line":13,"column":40},"end":{"line":13,"column":49}},"13":{"start":{"line":15,"column":2},"end":{"line":15,"column":12}},"14":{"start":{"line":17,"column":19},"end":{"line":17,"column":90}},"15":{"start":{"line":17,"column":28},"end":{"line":17,"column":90}},"16":{"start":{"line":18,"column":22},"end":{"line":18,"column":24}},"17":{"start":{"line":19,"column":0},"end":{"line":21,"column":3}},"18":{"start":{"line":20,"column":17},"end":{"line":20,"column":32}},"19":{"start":{"line":22,"column":0},"end":{"line":22,"column":47}},"20":{"start":{"line":23,"column":16},"end":{"line":23,"column":41}},"21":{"start":{"line":23,"column":25},"end":{"line":23,"column":41}},"22":{"start":{"line":24,"column":22},"end":{"line":24,"column":29}},"23":{"start":{"line":26,"column":0},"end":{"line":26,"column":27}}},"fnMap":{"0":{"name":"(anonymous_0)","decl":{"start":{"line":5,"column":15},"end":{"line":5,"column":16}},"loc":{"start":{"line":5,"column":32},"end":{"line":8,"column":1}},"line":5},"1":{"name":"(anonymous_1)","decl":{"start":{"line":9,"column":18},"end":{"line":9,"column":19}},"loc":{"start":{"line":9,"column":46},"end":{"line":16,"column":1}},"line":9},"2":{"name":"(anonymous_2)","decl":{"start":{"line":13,"column":34},"end":{"line":13,"column":35}},"loc":{"start":{"line":13,"column":40},"end":{"line":13,"column":49}},"line":13},"3":{"name":"(anonymous_3)","decl":{"start":{"line":17,"column":19},"end":{"line":17,"column":20}},"loc":{"start":{"line":17,"column":28},"end":{"line":17,"column":90}},"line":17},"4":{"name":"(anonymous_4)","decl":{"start":{"line":20,"column":11},"end":{"line":20,"column":12}},"loc":{"start":{"line":20,"column":17},"end":{"line":20,"column":32}},"line":20},"5":{"name":"(anonymous_5)","decl":{"start":{"line":23,"column":16},"end":{"line":23,"column":17}},"loc":{"start":{"line":23,"column":25},"end":{"line":23,"column":41}},"line":23}},"branchMap":{"0":{"loc":{"start":{"line":10,"column":2},"end":{"line":14,"column":3}},"type":"if","locations":[{"start":{"line":10,"column":2},"end":{"line":14,"column":3}},{"start":{"line":10,"column":2},"end":{"line":14,"column":3}}],"line":10},"1":{"loc":{"start":{"line":10,"column":6},"end":{"line":10,"column":68}},"type":"binary-expr","locations":[{"start":{"line":10,"column":6},"end":{"line":10,"column":10}},{"start":{"line":10,"column":14},"end":{"line":10,"column":38}},{"start":{"line":10,"column":42},"end":{"line":10,"column":68}}],"line":10},"2":{"loc":{"start":{"line":12,"column":6},"end":{"line":13,"column":123}},"type":"if","locations":[{"start":{"line":12,"column":6},"end":{"line":13,"column":123}},{"start":{"line":12,"column":6},"end":{"line":13,"column":123}}],"line":12},"3":{"loc":{"start":{"line":12,"column":10},"end":{"line":12,"column":55}},"type":"binary-expr","locations":[{"start":{"line":12,"column":10},"end":{"line":12,"column":37}},{"start":{"line":12,"column":41},"end":{"line":12,"column":55}}],"line":12},"4":{"loc":{"start":{"line":13,"column":63},"end":{"line":13,"column":119}},"type":"binary-expr","locations":[{"start":{"line":13,"column":63},"end":{"line":13,"column":100}},{"start":{"line":13,"column":104},"end":{"line":13,"column":119}}],"line":13},"5":{"loc":{"start":{"line":26,"column":0},"end":{"line":26,"column":26}},"type":"binary-expr","locations":[{"start":{"line":26,"column":0},"end":{"line":26,"column":1}},{"start":{"line":26,"column":6},"end":{"line":26,"column":25}}],"line":26}},"s":{"0":1,"1":1,"2":1,"3":1,"4":1,"5":1,"6":1,"7":1,"8":1,"9":1,"10":1,"11":1,"12":121,"13":1,"14":1,"15":1,"16":1,"17":1,"18":121,"19":1,"20":1,"21":121,"22":1,"23":1},"f":{"0":1,"1":1,"2":121,"3":1,"4":121,"5":121},"b":{"0":[1,0],"1":[1,1,0],"2":[1,0],"3":[1,1],"4":[1,1],"5":[1,0]},"inputSourceMap":{"version":3,"sources":["../../src/utils/_fromenv.ts"],"sourcesContent":["const fromEnv = (env) => process.env[env]\n\nexport default fromEnv\n"],"mappings":";;;;;;;;;;;;;;;;;AAAA;AAAA;AAAA;AAAA;AAAA;AAAA,MAAM,UAAU,CAAC,QAAQ,QAAQ,IAAI;AAErC,IAAO,kBAAQ;","names":[]},"_coverageSchema":"1a1c01bbd47fc00a2c39e90264f33305004495a9","hash":"825524aba0b64307c3c3b9cc87b7bd69594f0965","contentHash":"6c5fcc84038c3fd3c6f7039469fccb22d09fcb77557dc443781c0fdda04def1c"},"/usr/src/app/_build/utils/_terminate.js":{"path":"/usr/src/app/_build/utils/_terminate.js","statementMap":{"0":{"start":{"line":1,"column":16},"end":{"line":1,"column":37}},"1":{"start":{"line":2,"column":23},"end":{"line":2,"column":54}},"2":{"start":{"line":3,"column":24},"end":{"line":3,"column":50}},"3":{"start":{"line":4,"column":19},"end":{"line":4,"column":50}},"4":{"start":{"line":5,"column":15},"end":{"line":8,"column":1}},"5":{"start":{"line":6,"column":2},"end":{"line":7,"column":66}},"6":{"start":{"line":7,"column":4},"end":{"line":7,"column":66}},"7":{"start":{"line":9,"column":18},"end":{"line":16,"column":1}},"8":{"start":{"line":10,"column":2},"end":{"line":14,"column":3}},"9":{"start":{"line":11,"column":4},"end":{"line":13,"column":123}},"10":{"start":{"line":12,"column":6},"end":{"line":13,"column":123}},"11":{"start":{"line":13,"column":8},"end":{"line":13,"column":123}},"12":{"start":{"line":13,"column":40},"end":{"line":13,"column":49}},"13":{"start":{"line":15,"column":2},"end":{"line":15,"column":12}},"14":{"start":{"line":17,"column":19},"end":{"line":17,"column":90}},"15":{"start":{"line":17,"column":28},"end":{"line":17,"column":90}},"16":{"start":{"line":18,"column":14},"end":{"line":37,"column":1}},"17":{"start":{"line":19,"column":2},"end":{"line":36,"column":5}},"18":{"start":{"line":20,"column":20},"end":{"line":26,"column":5}},"19":{"start":{"line":21,"column":6},"end":{"line":25,"column":7}},"20":{"start":{"line":22,"column":8},"end":{"line":22,"column":36}},"21":{"start":{"line":24,"column":8},"end":{"line":24,"column":18}},"22":{"start":{"line":27,"column":19},"end":{"line":33,"column":5}},"23":{"start":{"line":28,"column":6},"end":{"line":32,"column":7}},"24":{"start":{"line":29,"column":8},"end":{"line":29,"column":37}},"25":{"start":{"line":31,"column":8},"end":{"line":31,"column":18}},"26":{"start":{"line":34,"column":15},"end":{"line":34,"column":100}},"27":{"start":{"line":34,"column":22},"end":{"line":34,"column":100}},"28":{"start":{"line":35,"column":4},"end":{"line":35,"column":68}},"29":{"start":{"line":38,"column":24},"end":{"line":38,"column":26}},"30":{"start":{"line":39,"column":0},"end":{"line":41,"column":3}},"31":{"start":{"line":40,"column":17},"end":{"line":40,"column":34}},"32":{"start":{"line":42,"column":0},"end":{"line":42,"column":49}},"33":{"start":{"line":43,"column":18},"end":{"line":54,"column":1}},"34":{"start":{"line":44,"column":15},"end":{"line":46,"column":3}},"35":{"start":{"line":45,"column":4},"end":{"line":45,"column":60}},"36":{"start":{"line":47,"column":2},"end":{"line":53,"column":5}},"37":{"start":{"line":47,"column":27},"end":{"line":53,"column":4}},"38":{"start":{"line":47,"column":45},"end":{"line":53,"column":4}},"39":{"start":{"line":48,"column":4},"end":{"line":50,"column":5}},"40":{"start":{"line":49,"column":6},"end":{"line":49,"column":42}},"41":{"start":{"line":51,"column":4},"end":{"line":51,"column":23}},"42":{"start":{"line":52,"column":4},"end":{"line":52,"column":46}},"43":{"start":{"line":55,"column":24},"end":{"line":55,"column":33}},"44":{"start":{"line":57,"column":0},"end":{"line":57,"column":27}}},"fnMap":{"0":{"name":"(anonymous_0)","decl":{"start":{"line":5,"column":15},"end":{"line":5,"column":16}},"loc":{"start":{"line":5,"column":32},"end":{"line":8,"column":1}},"line":5},"1":{"name":"(anonymous_1)","decl":{"start":{"line":9,"column":18},"end":{"line":9,"column":19}},"loc":{"start":{"line":9,"column":46},"end":{"line":16,"column":1}},"line":9},"2":{"name":"(anonymous_2)","decl":{"start":{"line":13,"column":34},"end":{"line":13,"column":35}},"loc":{"start":{"line":13,"column":40},"end":{"line":13,"column":49}},"line":13},"3":{"name":"(anonymous_3)","decl":{"start":{"line":17,"column":19},"end":{"line":17,"column":20}},"loc":{"start":{"line":17,"column":28},"end":{"line":17,"column":90}},"line":17},"4":{"name":"(anonymous_4)","decl":{"start":{"line":18,"column":14},"end":{"line":18,"column":15}},"loc":{"start":{"line":18,"column":50},"end":{"line":37,"column":1}},"line":18},"5":{"name":"(anonymous_5)","decl":{"start":{"line":19,"column":21},"end":{"line":19,"column":22}},"loc":{"start":{"line":19,"column":42},"end":{"line":36,"column":3}},"line":19},"6":{"name":"(anonymous_6)","decl":{"start":{"line":20,"column":20},"end":{"line":20,"column":21}},"loc":{"start":{"line":20,"column":31},"end":{"line":26,"column":5}},"line":20},"7":{"name":"(anonymous_7)","decl":{"start":{"line":27,"column":19},"end":{"line":27,"column":20}},"loc":{"start":{"line":27,"column":30},"end":{"line":33,"column":5}},"line":27},"8":{"name":"(anonymous_8)","decl":{"start":{"line":34,"column":15},"end":{"line":34,"column":16}},"loc":{"start":{"line":34,"column":22},"end":{"line":34,"column":100}},"line":34},"9":{"name":"(anonymous_9)","decl":{"start":{"line":40,"column":11},"end":{"line":40,"column":12}},"loc":{"start":{"line":40,"column":17},"end":{"line":40,"column":34}},"line":40},"10":{"name":"(anonymous_10)","decl":{"start":{"line":43,"column":18},"end":{"line":43,"column":19}},"loc":{"start":{"line":43,"column":75},"end":{"line":54,"column":1}},"line":43},"11":{"name":"(anonymous_11)","decl":{"start":{"line":44,"column":15},"end":{"line":44,"column":16}},"loc":{"start":{"line":44,"column":25},"end":{"line":46,"column":3}},"line":44},"12":{"name":"(anonymous_12)","decl":{"start":{"line":47,"column":9},"end":{"line":47,"column":10}},"loc":{"start":{"line":47,"column":27},"end":{"line":53,"column":4}},"line":47},"13":{"name":"(anonymous_13)","decl":{"start":{"line":47,"column":27},"end":{"line":47,"column":28}},"loc":{"start":{"line":47,"column":45},"end":{"line":53,"column":4}},"line":47},"14":{"name":"(anonymous_14)","decl":{"start":{"line":47,"column":67},"end":{"line":47,"column":68}},"loc":{"start":{"line":47,"column":80},"end":{"line":53,"column":3}},"line":47}},"branchMap":{"0":{"loc":{"start":{"line":10,"column":2},"end":{"line":14,"column":3}},"type":"if","locations":[{"start":{"line":10,"column":2},"end":{"line":14,"column":3}},{"start":{"line":10,"column":2},"end":{"line":14,"column":3}}],"line":10},"1":{"loc":{"start":{"line":10,"column":6},"end":{"line":10,"column":68}},"type":"binary-expr","locations":[{"start":{"line":10,"column":6},"end":{"line":10,"column":10}},{"start":{"line":10,"column":14},"end":{"line":10,"column":38}},{"start":{"line":10,"column":42},"end":{"line":10,"column":68}}],"line":10},"2":{"loc":{"start":{"line":12,"column":6},"end":{"line":13,"column":123}},"type":"if","locations":[{"start":{"line":12,"column":6},"end":{"line":13,"column":123}},{"start":{"line":12,"column":6},"end":{"line":13,"column":123}}],"line":12},"3":{"loc":{"start":{"line":12,"column":10},"end":{"line":12,"column":55}},"type":"binary-expr","locations":[{"start":{"line":12,"column":10},"end":{"line":12,"column":37}},{"start":{"line":12,"column":41},"end":{"line":12,"column":55}}],"line":12},"4":{"loc":{"start":{"line":13,"column":63},"end":{"line":13,"column":119}},"type":"binary-expr","locations":[{"start":{"line":13,"column":63},"end":{"line":13,"column":100}},{"start":{"line":13,"column":104},"end":{"line":13,"column":119}}],"line":13},"5":{"loc":{"start":{"line":34,"column":22},"end":{"line":34,"column":100}},"type":"cond-expr","locations":[{"start":{"line":34,"column":31},"end":{"line":34,"column":47}},{"start":{"line":34,"column":50},"end":{"line":34,"column":100}}],"line":34},"6":{"loc":{"start":{"line":43,"column":27},"end":{"line":43,"column":70}},"type":"default-arg","locations":[{"start":{"line":43,"column":37},"end":{"line":43,"column":70}}],"line":43},"7":{"loc":{"start":{"line":45,"column":4},"end":{"line":45,"column":59}},"type":"cond-expr","locations":[{"start":{"line":45,"column":23},"end":{"line":45,"column":38}},{"start":{"line":45,"column":41},"end":{"line":45,"column":59}}],"line":45},"8":{"loc":{"start":{"line":48,"column":4},"end":{"line":50,"column":5}},"type":"if","locations":[{"start":{"line":48,"column":4},"end":{"line":50,"column":5}},{"start":{"line":48,"column":4},"end":{"line":50,"column":5}}],"line":48},"9":{"loc":{"start":{"line":48,"column":8},"end":{"line":48,"column":35}},"type":"binary-expr","locations":[{"start":{"line":48,"column":8},"end":{"line":48,"column":11}},{"start":{"line":48,"column":15},"end":{"line":48,"column":35}}],"line":48},"10":{"loc":{"start":{"line":57,"column":0},"end":{"line":57,"column":26}},"type":"binary-expr","locations":[{"start":{"line":57,"column":0},"end":{"line":57,"column":1}},{"start":{"line":57,"column":6},"end":{"line":57,"column":25}}],"line":57}},"s":{"0":1,"1":1,"2":1,"3":1,"4":1,"5":1,"6":1,"7":1,"8":1,"9":1,"10":1,"11":1,"12":1,"13":1,"14":1,"15":1,"16":1,"17":0,"18":0,"19":0,"20":0,"21":0,"22":0,"23":0,"24":0,"25":0,"26":0,"27":0,"28":0,"29":1,"30":1,"31":1,"32":1,"33":1,"34":1,"35":0,"36":1,"37":4,"38":0,"39":0,"40":0,"41":0,"42":0,"43":1,"44":1},"f":{"0":1,"1":1,"2":1,"3":1,"4":0,"5":0,"6":0,"7":0,"8":0,"9":1,"10":1,"11":0,"12":4,"13":0,"14":0},"b":{"0":[1,0],"1":[1,1,0],"2":[1,0],"3":[1,1],"4":[1,1],"5":[0,0],"6":[0],"7":[0,0],"8":[0,0],"9":[0,0],"10":[1,0]},"inputSourceMap":{"version":3,"sources":["../../src/utils/_terminate.ts"],"sourcesContent":["const terminate = (server, options = { coredump: false, timeout: 500 }) => {\n  const exit = code => {\n    options.coredump ? process.abort() : process.exit(code)\n  }\n\n  return (code, reason) => async (err, promise) => {\n    if (err && err instanceof Error) {\n      console.log(err.message, err.stack)\n    }\n\n    // server.mongo.connection.close() \n    server.close(exit)\n    setTimeout(exit, options.timeout).unref()\n  }\n}\n\nexport default terminate\n"],"mappings":";;;;;;;;;;;;;;;;;;;;;;;;;;;;;;;;;;;;;AAAA;AAAA;AAAA;AAAA;AAAA;AAAA,MAAM,YAAY,CAAC,QAAQ,UAAU,EAAE,UAAU,OAAO,SAAS,IAAI,MAAM;AACzE,QAAM,OAAO,UAAQ;AACnB,YAAQ,WAAW,QAAQ,MAAM,IAAI,QAAQ,KAAK,IAAI;AAAA,EACxD;AAEA,SAAO,CAAC,MAAM,WAAW,CAAO,KAAK,YAAY;AAC/C,QAAI,OAAO,eAAe,OAAO;AAC/B,cAAQ,IAAI,IAAI,SAAS,IAAI,KAAK;AAAA,IACpC;AAGA,WAAO,MAAM,IAAI;AACjB,eAAW,MAAM,QAAQ,OAAO,EAAE,MAAM;AAAA,EAC1C;AACF;AAEA,IAAO,oBAAQ;","names":[]},"_coverageSchema":"1a1c01bbd47fc00a2c39e90264f33305004495a9","hash":"cf37428a94c6c825b540ed518a956434aec16e01","contentHash":"06904798e440cd0b79a224b4fadef74b275f313c6907ec8dfa8a0aaa4096d15b"},"/usr/src/app/_build/lib/helpers/string/regex.js":{"path":"/usr/src/app/_build/lib/helpers/string/regex.js","statementMap":{"0":{"start":{"line":1,"column":16},"end":{"line":1,"column":37}},"1":{"start":{"line":2,"column":23},"end":{"line":2,"column":54}},"2":{"start":{"line":3,"column":24},"end":{"line":3,"column":50}},"3":{"start":{"line":4,"column":19},"end":{"line":4,"column":50}},"4":{"start":{"line":5,"column":15},"end":{"line":8,"column":1}},"5":{"start":{"line":6,"column":2},"end":{"line":7,"column":66}},"6":{"start":{"line":7,"column":4},"end":{"line":7,"column":66}},"7":{"start":{"line":9,"column":18},"end":{"line":16,"column":1}},"8":{"start":{"line":10,"column":2},"end":{"line":14,"column":3}},"9":{"start":{"line":11,"column":4},"end":{"line":13,"column":123}},"10":{"start":{"line":12,"column":6},"end":{"line":13,"column":123}},"11":{"start":{"line":13,"column":8},"end":{"line":13,"column":123}},"12":{"start":{"line":13,"column":40},"end":{"line":13,"column":49}},"13":{"start":{"line":15,"column":2},"end":{"line":15,"column":12}},"14":{"start":{"line":17,"column":19},"end":{"line":17,"column":90}},"15":{"start":{"line":17,"column":28},"end":{"line":17,"column":90}},"16":{"start":{"line":18,"column":20},"end":{"line":18,"column":22}},"17":{"start":{"line":19,"column":0},"end":{"line":21,"column":3}},"18":{"start":{"line":20,"column":17},"end":{"line":20,"column":30}},"19":{"start":{"line":22,"column":0},"end":{"line":22,"column":45}},"20":{"start":{"line":23,"column":20},"end":{"line":25,"column":1}},"21":{"start":{"line":27,"column":0},"end":{"line":27,"column":27}}},"fnMap":{"0":{"name":"(anonymous_0)","decl":{"start":{"line":5,"column":15},"end":{"line":5,"column":16}},"loc":{"start":{"line":5,"column":32},"end":{"line":8,"column":1}},"line":5},"1":{"name":"(anonymous_1)","decl":{"start":{"line":9,"column":18},"end":{"line":9,"column":19}},"loc":{"start":{"line":9,"column":46},"end":{"line":16,"column":1}},"line":9},"2":{"name":"(anonymous_2)","decl":{"start":{"line":13,"column":34},"end":{"line":13,"column":35}},"loc":{"start":{"line":13,"column":40},"end":{"line":13,"column":49}},"line":13},"3":{"name":"(anonymous_3)","decl":{"start":{"line":17,"column":19},"end":{"line":17,"column":20}},"loc":{"start":{"line":17,"column":28},"end":{"line":17,"column":90}},"line":17},"4":{"name":"(anonymous_4)","decl":{"start":{"line":20,"column":11},"end":{"line":20,"column":12}},"loc":{"start":{"line":20,"column":17},"end":{"line":20,"column":30}},"line":20}},"branchMap":{"0":{"loc":{"start":{"line":10,"column":2},"end":{"line":14,"column":3}},"type":"if","locations":[{"start":{"line":10,"column":2},"end":{"line":14,"column":3}},{"start":{"line":10,"column":2},"end":{"line":14,"column":3}}],"line":10},"1":{"loc":{"start":{"line":10,"column":6},"end":{"line":10,"column":68}},"type":"binary-expr","locations":[{"start":{"line":10,"column":6},"end":{"line":10,"column":10}},{"start":{"line":10,"column":14},"end":{"line":10,"column":38}},{"start":{"line":10,"column":42},"end":{"line":10,"column":68}}],"line":10},"2":{"loc":{"start":{"line":12,"column":6},"end":{"line":13,"column":123}},"type":"if","locations":[{"start":{"line":12,"column":6},"end":{"line":13,"column":123}},{"start":{"line":12,"column":6},"end":{"line":13,"column":123}}],"line":12},"3":{"loc":{"start":{"line":12,"column":10},"end":{"line":12,"column":55}},"type":"binary-expr","locations":[{"start":{"line":12,"column":10},"end":{"line":12,"column":37}},{"start":{"line":12,"column":41},"end":{"line":12,"column":55}}],"line":12},"4":{"loc":{"start":{"line":13,"column":63},"end":{"line":13,"column":119}},"type":"binary-expr","locations":[{"start":{"line":13,"column":63},"end":{"line":13,"column":100}},{"start":{"line":13,"column":104},"end":{"line":13,"column":119}}],"line":13},"5":{"loc":{"start":{"line":27,"column":0},"end":{"line":27,"column":26}},"type":"binary-expr","locations":[{"start":{"line":27,"column":0},"end":{"line":27,"column":1}},{"start":{"line":27,"column":6},"end":{"line":27,"column":25}}],"line":27}},"s":{"0":1,"1":1,"2":1,"3":1,"4":1,"5":1,"6":1,"7":1,"8":1,"9":1,"10":1,"11":1,"12":1,"13":1,"14":1,"15":1,"16":1,"17":1,"18":1,"19":1,"20":1,"21":1},"f":{"0":1,"1":1,"2":1,"3":1,"4":1},"b":{"0":[1,0],"1":[1,1,0],"2":[1,0],"3":[1,1],"4":[1,1],"5":[1,0]},"inputSourceMap":{"version":3,"sources":["../../../../src/lib/helpers/string/regex.ts"],"sourcesContent":["export default {\n    uri: /[-a-zA-Z0-9@:%._\\+~#=]{1,256}\\.[a-zA-Z0-9()]{1,6}\\b([-a-zA-Z0-9()@:%_\\+.~#?&//=]*)/gi\n}"],"mappings":";;;;;;;;;;;;;;;;;AAAA;AAAA;AAAA;AAAA;AAAA;AAAA,IAAO,gBAAQ;AAAA,EACX,KAAK;AACT;","names":[]},"_coverageSchema":"1a1c01bbd47fc00a2c39e90264f33305004495a9","hash":"1759d89d7d506607fc0d2d583aa2387230a96c4d","contentHash":"6ccceb9feb5b375e1195216dd06a5a4174b6451eab43b86b3a1394424b3972a8"},"/usr/src/app/_build/lib/rpc/error.js":{"path":"/usr/src/app/_build/lib/rpc/error.js","statementMap":{"0":{"start":{"line":1,"column":16},"end":{"line":1,"column":37}},"1":{"start":{"line":2,"column":23},"end":{"line":2,"column":54}},"2":{"start":{"line":3,"column":24},"end":{"line":3,"column":50}},"3":{"start":{"line":4,"column":19},"end":{"line":4,"column":50}},"4":{"start":{"line":5,"column":15},"end":{"line":8,"column":1}},"5":{"start":{"line":6,"column":2},"end":{"line":7,"column":66}},"6":{"start":{"line":7,"column":4},"end":{"line":7,"column":66}},"7":{"start":{"line":9,"column":18},"end":{"line":16,"column":1}},"8":{"start":{"line":10,"column":2},"end":{"line":14,"column":3}},"9":{"start":{"line":11,"column":4},"end":{"line":13,"column":123}},"10":{"start":{"line":12,"column":6},"end":{"line":13,"column":123}},"11":{"start":{"line":13,"column":8},"end":{"line":13,"column":123}},"12":{"start":{"line":13,"column":40},"end":{"line":13,"column":49}},"13":{"start":{"line":15,"column":2},"end":{"line":15,"column":12}},"14":{"start":{"line":17,"column":19},"end":{"line":17,"column":90}},"15":{"start":{"line":17,"column":28},"end":{"line":17,"column":90}},"16":{"start":{"line":18,"column":20},"end":{"line":18,"column":22}},"17":{"start":{"line":19,"column":0},"end":{"line":22,"column":3}},"18":{"start":{"line":20,"column":31},"end":{"line":20,"column":52}},"19":{"start":{"line":21,"column":19},"end":{"line":21,"column":28}},"20":{"start":{"line":23,"column":0},"end":{"line":23,"column":45}},"21":{"start":{"line":24,"column":18},"end":{"line":24,"column":29}},"22":{"start":{"line":25,"column":30},"end":{"line":25,"column":53}},"23":{"start":{"line":27,"column":0},"end":{"line":30,"column":3}}},"fnMap":{"0":{"name":"(anonymous_0)","decl":{"start":{"line":5,"column":15},"end":{"line":5,"column":16}},"loc":{"start":{"line":5,"column":32},"end":{"line":8,"column":1}},"line":5},"1":{"name":"(anonymous_1)","decl":{"start":{"line":9,"column":18},"end":{"line":9,"column":19}},"loc":{"start":{"line":9,"column":46},"end":{"line":16,"column":1}},"line":9},"2":{"name":"(anonymous_2)","decl":{"start":{"line":13,"column":34},"end":{"line":13,"column":35}},"loc":{"start":{"line":13,"column":40},"end":{"line":13,"column":49}},"line":13},"3":{"name":"(anonymous_3)","decl":{"start":{"line":17,"column":19},"end":{"line":17,"column":20}},"loc":{"start":{"line":17,"column":28},"end":{"line":17,"column":90}},"line":17},"4":{"name":"(anonymous_4)","decl":{"start":{"line":20,"column":25},"end":{"line":20,"column":26}},"loc":{"start":{"line":20,"column":31},"end":{"line":20,"column":52}},"line":20},"5":{"name":"(anonymous_5)","decl":{"start":{"line":21,"column":13},"end":{"line":21,"column":14}},"loc":{"start":{"line":21,"column":19},"end":{"line":21,"column":28}},"line":21}},"branchMap":{"0":{"loc":{"start":{"line":10,"column":2},"end":{"line":14,"column":3}},"type":"if","locations":[{"start":{"line":10,"column":2},"end":{"line":14,"column":3}},{"start":{"line":10,"column":2},"end":{"line":14,"column":3}}],"line":10},"1":{"loc":{"start":{"line":10,"column":6},"end":{"line":10,"column":68}},"type":"binary-expr","locations":[{"start":{"line":10,"column":6},"end":{"line":10,"column":10}},{"start":{"line":10,"column":14},"end":{"line":10,"column":38}},{"start":{"line":10,"column":42},"end":{"line":10,"column":68}}],"line":10},"2":{"loc":{"start":{"line":12,"column":6},"end":{"line":13,"column":123}},"type":"if","locations":[{"start":{"line":12,"column":6},"end":{"line":13,"column":123}},{"start":{"line":12,"column":6},"end":{"line":13,"column":123}}],"line":12},"3":{"loc":{"start":{"line":12,"column":10},"end":{"line":12,"column":55}},"type":"binary-expr","locations":[{"start":{"line":12,"column":10},"end":{"line":12,"column":37}},{"start":{"line":12,"column":41},"end":{"line":12,"column":55}}],"line":12},"4":{"loc":{"start":{"line":13,"column":63},"end":{"line":13,"column":119}},"type":"binary-expr","locations":[{"start":{"line":13,"column":63},"end":{"line":13,"column":100}},{"start":{"line":13,"column":104},"end":{"line":13,"column":119}}],"line":13},"5":{"loc":{"start":{"line":27,"column":0},"end":{"line":30,"column":2}},"type":"binary-expr","locations":[{"start":{"line":27,"column":0},"end":{"line":27,"column":1}},{"start":{"line":27,"column":6},"end":{"line":30,"column":1}}],"line":27}},"s":{"0":1,"1":1,"2":1,"3":1,"4":1,"5":1,"6":2,"7":1,"8":1,"9":1,"10":2,"11":2,"12":0,"13":1,"14":1,"15":1,"16":1,"17":1,"18":0,"19":0,"20":1,"21":1,"22":1,"23":1},"f":{"0":1,"1":1,"2":0,"3":1,"4":0,"5":0},"b":{"0":[1,0],"1":[1,1,0],"2":[2,0],"3":[2,2],"4":[2,2],"5":[1,0]},"inputSourceMap":{"version":3,"sources":["../../../src/lib/rpc/error.ts"],"sourcesContent":["export const NOT_FOUND = 'Not found';\nexport const INTERNAL_SERVER_ERROR = 'Internal server error';"],"mappings":";;;;;;;;;;;;;;;;;AAAA;AAAA;AAAA;AAAA;AAAA;AAAA;AAAO,MAAM,YAAY;AAClB,MAAM,wBAAwB;","names":[]},"_coverageSchema":"1a1c01bbd47fc00a2c39e90264f33305004495a9","hash":"042842cee607ce4441342a88b5eb0cb2b08b05c7","contentHash":"3449a33dd7052e1118f5c16369b3c800f8a189630b224fb367dc7e81c1ea2061"},"/usr/src/app/_build/config/_core.js":{"path":"/usr/src/app/_build/config/_core.js","statementMap":{"0":{"start":{"line":2,"column":15},"end":{"line":2,"column":28}},"1":{"start":{"line":3,"column":16},"end":{"line":3,"column":37}},"2":{"start":{"line":4,"column":23},"end":{"line":4,"column":54}},"3":{"start":{"line":5,"column":24},"end":{"line":5,"column":50}},"4":{"start":{"line":6,"column":19},"end":{"line":6,"column":40}},"5":{"start":{"line":7,"column":19},"end":{"line":7,"column":50}},"6":{"start":{"line":8,"column":15},"end":{"line":11,"column":1}},"7":{"start":{"line":9,"column":2},"end":{"line":10,"column":66}},"8":{"start":{"line":10,"column":4},"end":{"line":10,"column":66}},"9":{"start":{"line":12,"column":18},"end":{"line":19,"column":1}},"10":{"start":{"line":13,"column":2},"end":{"line":17,"column":3}},"11":{"start":{"line":14,"column":4},"end":{"line":16,"column":123}},"12":{"start":{"line":15,"column":6},"end":{"line":16,"column":123}},"13":{"start":{"line":16,"column":8},"end":{"line":16,"column":123}},"14":{"start":{"line":16,"column":40},"end":{"line":16,"column":49}},"15":{"start":{"line":18,"column":2},"end":{"line":18,"column":12}},"16":{"start":{"line":20,"column":14},"end":{"line":20,"column":231}},"17":{"start":{"line":20,"column":44},"end":{"line":20,"column":230}},"18":{"start":{"line":21,"column":19},"end":{"line":21,"column":90}},"19":{"start":{"line":21,"column":28},"end":{"line":21,"column":90}},"20":{"start":{"line":22,"column":19},"end":{"line":22,"column":21}},"21":{"start":{"line":23,"column":0},"end":{"line":25,"column":3}},"22":{"start":{"line":24,"column":17},"end":{"line":24,"column":29}},"23":{"start":{"line":26,"column":0},"end":{"line":26,"column":44}},"24":{"start":{"line":27,"column":24},"end":{"line":27,"column":54}},"25":{"start":{"line":28,"column":16},"end":{"line":28,"column":38}},"26":{"start":{"line":29,"column":18},"end":{"line":29,"column":42}},"27":{"start":{"line":30,"column":21},"end":{"line":30,"column":59}},"28":{"start":{"line":31,"column":19},"end":{"line":31,"column":37}},"29":{"start":{"line":32,"column":16},"end":{"line":36,"column":1}},"30":{"start":{"line":37,"column":26},"end":{"line":37,"column":60}},"31":{"start":{"line":38,"column":0},"end":{"line":437,"column":2}},"32":{"start":{"line":427,"column":8},"end":{"line":427,"column":15}},"33":{"start":{"line":430,"column":8},"end":{"line":430,"column":15}},"34":{"start":{"line":434,"column":36},"end":{"line":434,"column":42}},"35":{"start":{"line":438,"column":0},"end":{"line":438,"column":72}},"36":{"start":{"line":439,"column":19},"end":{"line":443,"column":1}},"37":{"start":{"line":441,"column":4},"end":{"line":441,"column":46}},"38":{"start":{"line":444,"column":0},"end":{"line":444,"column":13}},"39":{"start":{"line":446,"column":0},"end":{"line":446,"column":27}}},"fnMap":{"0":{"name":"(anonymous_0)","decl":{"start":{"line":8,"column":15},"end":{"line":8,"column":16}},"loc":{"start":{"line":8,"column":32},"end":{"line":11,"column":1}},"line":8},"1":{"name":"(anonymous_1)","decl":{"start":{"line":12,"column":18},"end":{"line":12,"column":19}},"loc":{"start":{"line":12,"column":46},"end":{"line":19,"column":1}},"line":12},"2":{"name":"(anonymous_2)","decl":{"start":{"line":16,"column":34},"end":{"line":16,"column":35}},"loc":{"start":{"line":16,"column":40},"end":{"line":16,"column":49}},"line":16},"3":{"name":"(anonymous_3)","decl":{"start":{"line":20,"column":14},"end":{"line":20,"column":15}},"loc":{"start":{"line":20,"column":44},"end":{"line":20,"column":230}},"line":20},"4":{"name":"(anonymous_4)","decl":{"start":{"line":21,"column":19},"end":{"line":21,"column":20}},"loc":{"start":{"line":21,"column":28},"end":{"line":21,"column":90}},"line":21},"5":{"name":"(anonymous_5)","decl":{"start":{"line":24,"column":11},"end":{"line":24,"column":12}},"loc":{"start":{"line":24,"column":17},"end":{"line":24,"column":29}},"line":24},"6":{"name":"(anonymous_6)","decl":{"start":{"line":426,"column":17},"end":{"line":426,"column":18}},"loc":{"start":{"line":426,"column":48},"end":{"line":428,"column":7}},"line":426},"7":{"name":"(anonymous_7)","decl":{"start":{"line":429,"column":18},"end":{"line":429,"column":19}},"loc":{"start":{"line":429,"column":49},"end":{"line":431,"column":7}},"line":429},"8":{"name":"(anonymous_8)","decl":{"start":{"line":434,"column":24},"end":{"line":434,"column":25}},"loc":{"start":{"line":434,"column":36},"end":{"line":434,"column":42}},"line":434},"9":{"name":"(anonymous_9)","decl":{"start":{"line":440,"column":7},"end":{"line":440,"column":8}},"loc":{"start":{"line":440,"column":52},"end":{"line":442,"column":3}},"line":440}},"branchMap":{"0":{"loc":{"start":{"line":13,"column":2},"end":{"line":17,"column":3}},"type":"if","locations":[{"start":{"line":13,"column":2},"end":{"line":17,"column":3}},{"start":{"line":13,"column":2},"end":{"line":17,"column":3}}],"line":13},"1":{"loc":{"start":{"line":13,"column":6},"end":{"line":13,"column":68}},"type":"binary-expr","locations":[{"start":{"line":13,"column":6},"end":{"line":13,"column":10}},{"start":{"line":13,"column":14},"end":{"line":13,"column":38}},{"start":{"line":13,"column":42},"end":{"line":13,"column":68}}],"line":13},"2":{"loc":{"start":{"line":15,"column":6},"end":{"line":16,"column":123}},"type":"if","locations":[{"start":{"line":15,"column":6},"end":{"line":16,"column":123}},{"start":{"line":15,"column":6},"end":{"line":16,"column":123}}],"line":15},"3":{"loc":{"start":{"line":15,"column":10},"end":{"line":15,"column":55}},"type":"binary-expr","locations":[{"start":{"line":15,"column":10},"end":{"line":15,"column":37}},{"start":{"line":15,"column":41},"end":{"line":15,"column":55}}],"line":15},"4":{"loc":{"start":{"line":16,"column":63},"end":{"line":16,"column":119}},"type":"binary-expr","locations":[{"start":{"line":16,"column":63},"end":{"line":16,"column":100}},{"start":{"line":16,"column":104},"end":{"line":16,"column":119}}],"line":16},"5":{"loc":{"start":{"line":20,"column":53},"end":{"line":20,"column":99}},"type":"cond-expr","locations":[{"start":{"line":20,"column":67},"end":{"line":20,"column":94}},{"start":{"line":20,"column":97},"end":{"line":20,"column":99}}],"line":20},"6":{"loc":{"start":{"line":20,"column":113},"end":{"line":20,"column":224}},"type":"cond-expr","locations":[{"start":{"line":20,"column":153},"end":{"line":20,"column":215}},{"start":{"line":20,"column":218},"end":{"line":20,"column":224}}],"line":20},"7":{"loc":{"start":{"line":20,"column":113},"end":{"line":20,"column":150}},"type":"binary-expr","locations":[{"start":{"line":20,"column":113},"end":{"line":20,"column":123}},{"start":{"line":20,"column":127},"end":{"line":20,"column":131}},{"start":{"line":20,"column":135},"end":{"line":20,"column":150}}],"line":20},"8":{"loc":{"start":{"line":440,"column":21},"end":{"line":440,"column":50}},"type":"default-arg","locations":[{"start":{"line":440,"column":32},"end":{"line":440,"column":50}}],"line":440},"9":{"loc":{"start":{"line":446,"column":0},"end":{"line":446,"column":26}},"type":"binary-expr","locations":[{"start":{"line":446,"column":0},"end":{"line":446,"column":1}},{"start":{"line":446,"column":6},"end":{"line":446,"column":25}}],"line":446}},"s":{"0":1,"1":1,"2":1,"3":1,"4":1,"5":1,"6":1,"7":1,"8":1,"9":1,"10":5,"11":5,"12":127,"13":127,"14":28,"15":5,"16":1,"17":4,"18":1,"19":1,"20":1,"21":1,"22":28,"23":1,"24":1,"25":1,"26":1,"27":1,"28":1,"29":1,"30":1,"31":1,"32":0,"33":0,"34":0,"35":1,"36":1,"37":28,"38":1,"39":1},"f":{"0":1,"1":5,"2":28,"3":4,"4":1,"5":28,"6":0,"7":0,"8":0,"9":28},"b":{"0":[5,0],"1":[5,5,0],"2":[127,0],"3":[127,127],"4":[127,127],"5":[4,0],"6":[4,0],"7":[4,4,4],"8":[28],"9":[1,0]},"inputSourceMap":{"version":3,"sources":["../../src/config/_core.ts"],"sourcesContent":["'use strict';\n\nimport Confidence from 'confidence';\nimport Fs from 'fs';\nimport Path from 'path';\nimport Pack from '@root/package.json';\nimport { fromEnv } from '@/utils';\n\n// Confidence criteria\nlet internals:any = {\n    criteria: {\n        env: fromEnv('NODE_ENV')\n    }\n};\n\n// Variable for Config\nlet email_template_path = '/usr/src/app/lib/mailer/template';\n//  Confidence document object\ninternals.config = {\n    $meta: 'App configuration file',\n    /* ----------------- Application -------------- */\n    application: {\n        info: {\n          title: Pack.name,\n          version: Pack.version,\n          description: Pack.description\n        },\n        staticFile: {\n          root: `/usr/src/app/`,\n          definition: {\n            default: {\n              prefix: `files`,\n              directory: {\n                $filter: 'env',\n                test: `_publictest`,\n                production: `_public`,\n                staging: `_public`,\n                development: `_public`,\n                localhost: `_public`,\n                $default: `_public`\n              },\n              manifest: {\n                root: ``,\n                default: `default`,\n                images: `images`,\n                imagesAppLogo: `images/applogo`\n              }\n            }\n          }\n        },\n        environments: ['test','production','staging','development','localhost'],\n        environment: {\n            $filter: 'env',\n            test: \"test\",\n            production: \"production\",\n            staging: \"staging\",\n            development: \"development\",\n            localhost: \"localhost\",\n            $default: \"Localhost\"\n        },\n        port: {\n            $filter: 'env',\n            test: 7000,\n            production: fromEnv('PORT'),\n            staging: fromEnv('PORT'),\n            development: fromEnv('PORT'),\n            localhost: fromEnv('PORT'),\n            $default: fromEnv('PORT')\n        },\n        allowedOrigin: {\n            $filter: 'env',\n            test: [\"*\"],\n            production: [\"*\"],\n            staging: [\"*\"],\n            development: [\"*\"],\n            localhost: [\"*\"],\n            $default: [\"*\"]\n        },\n        tlsOptions: {\n          allowHTTP1: true,\n          key: Fs.readFileSync(Path.join('/usr/src/app/certificate/ssl/key.pem'), 'utf8'),\n          cert: Fs.readFileSync(Path.join('/usr/src/app/certificate/ssl/cert.pem'), 'utf8')\n        },\n        hostExpose: {\n          $filter: 'env',\n          test: \"127.0.0.1\",\n          production: fromEnv('EXPOSE_URL'),\n          staging: fromEnv('EXPOSE_URL'),\n          development: fromEnv('EXPOSE_URL'),\n          localhost: \"127.0.0.1\",\n          $default: \"127.0.0.1\"\n        },\n        portExpose: {\n          $filter: 'env',\n          test: 7000,\n          production: fromEnv('EXPOSE_PORT'),\n          staging: fromEnv('EXPOSE_PORT'),\n          development: fromEnv('EXPOSE_PORT'),\n          localhost: fromEnv('EXPOSE_PORT'),\n          $default:fromEnv('EXPOSE_PORT')\n        },\n        baseUrl: {\n          $filter: 'env',\n          test: `http://127.0.0.1:7000`,\n          production: `${fromEnv('EXPOSE_PROTOCOL')}://${fromEnv('EXPOSE_URL')}:${fromEnv('EXPOSE_PORT')}`,\n          staging: `${fromEnv('EXPOSE_PROTOCOL')}://${fromEnv('EXPOSE_URL')}:${fromEnv('EXPOSE_PORT')}`,\n          development: `${fromEnv('EXPOSE_PROTOCOL')}://${fromEnv('EXPOSE_URL')}:${fromEnv('EXPOSE_PORT')}`,\n          localhost: `${fromEnv('EXPOSE_PROTOCOL')}://${fr
[...]
":14,"column":6},"end":{"line":15,"column":123}},"type":"if","locations":[{"start":{"line":14,"column":6},"end":{"line":15,"column":123}},{"start":{"line":14,"column":6},"end":{"line":15,"column":123}}],"line":14},"3":{"loc":{"start":{"line":14,"column":10},"end":{"line":14,"column":55}},"type":"binary-expr","locations":[{"start":{"line":14,"column":10},"end":{"line":14,"column":37}},{"start":{"line":14,"column":41},"end":{"line":14,"column":55}}],"line":14},"4":{"loc":{"start":{"line":15,"column":63},"end":{"line":15,"column":119}},"type":"binary-expr","locations":[{"start":{"line":15,"column":63},"end":{"line":15,"column":100}},{"start":{"line":15,"column":104},"end":{"line":15,"column":119}}],"line":15},"5":{"loc":{"start":{"line":19,"column":53},"end":{"line":19,"column":99}},"type":"cond-expr","locations":[{"start":{"line":19,"column":67},"end":{"line":19,"column":94}},{"start":{"line":19,"column":97},"end":{"line":19,"column":99}}],"line":19},"6":{"loc":{"start":{"line":19,"column":113},"end":{"line":19,"column":224}},"type":"cond-expr","locations":[{"start":{"line":19,"column":153},"end":{"line":19,"column":215}},{"start":{"line":19,"column":218},"end":{"line":19,"column":224}}],"line":19},"7":{"loc":{"start":{"line":19,"column":113},"end":{"line":19,"column":150}},"type":"binary-expr","locations":[{"start":{"line":19,"column":113},"end":{"line":19,"column":123}},{"start":{"line":19,"column":127},"end":{"line":19,"column":131}},{"start":{"line":19,"column":135},"end":{"line":19,"column":150}}],"line":19},"8":{"loc":{"start":{"line":37,"column":22},"end":{"line":37,"column":100}},"type":"cond-expr","locations":[{"start":{"line":37,"column":31},"end":{"line":37,"column":47}},{"start":{"line":37,"column":50},"end":{"line":37,"column":100}}],"line":37},"9":{"loc":{"start":{"line":226,"column":0},"end":{"line":226,"column":26}},"type":"binary-expr","locations":[{"start":{"line":226,"column":0},"end":{"line":226,"column":1}},{"start":{"line":226,"column":6},"end":{"line":226,"column":25}}],"line":226}},"s":{"0":1,"1":1,"2":1,"3":1,"4":1,"5":1,"6":1,"7":1,"8":1,"9":1,"10":2,"11":2,"12":3,"13":3,"14":5,"15":2,"16":1,"17":1,"18":1,"19":1,"20":1,"21":1,"22":1,"23":0,"24":0,"25":0,"26":1,"27":0,"28":0,"29":0,"30":1,"31":1,"32":1,"33":1,"34":1,"35":0,"36":1,"37":1,"38":1,"39":1,"40":1,"41":1,"42":1,"43":1,"44":1,"45":1,"46":1,"47":1,"48":1,"49":1,"50":1,"51":1,"52":1,"53":1,"54":1,"55":1,"56":1,"57":1,"58":1,"59":1,"60":1,"61":1,"62":1,"63":1,"64":1,"65":1,"66":1,"67":1,"68":1,"69":1,"70":1,"71":1,"72":1,"73":1,"74":1,"75":1,"76":1,"77":1,"78":1,"79":1,"80":1,"81":1,"82":1,"83":1,"84":1,"85":1,"86":1,"87":1,"88":1,"89":1,"90":1,"91":1,"92":1,"93":1,"94":1,"95":1,"96":1,"97":1,"98":1,"99":1,"100":1,"101":1,"102":1,"103":1,"104":1,"105":1,"106":1,"107":1,"108":1,"109":1,"110":1,"111":1,"112":1,"113":1,"114":1,"115":1,"116":1,"117":1,"118":1,"119":1,"120":1,"121":1,"122":1,"123":1,"124":1,"125":1,"126":1,"127":1,"128":1,"129":1,"130":1,"131":1,"132":1,"133":1,"134":1,"135":1,"136":1,"137":1,"138":1,"139":1,"140":1,"141":1,"142":1,"143":1,"144":1,"145":1,"146":1,"147":1},"f":{"0":1,"1":2,"2":5,"3":1,"4":1,"5":1,"6":1,"7":0,"8":0,"9":1,"10":0,"11":1,"12":1,"13":1,"14":1,"15":1,"16":1,"17":1,"18":1,"19":1,"20":1,"21":1,"22":1,"23":1,"24":1,"25":1,"26":1,"27":1,"28":1,"29":1,"30":1,"31":1,"32":1,"33":1,"34":1,"35":1,"36":1,"37":1,"38":1,"39":1,"40":1,"41":1,"42":1,"43":1,"44":1,"45":1,"46":1,"47":1,"48":1,"49":1,"50":1,"51":1,"52":1},"b":{"0":[2,0],"1":[2,2,0],"2":[3,0],"3":[3,3],"4":[3,3],"5":[1,0],"6":[0,1],"7":[1,1,1],"8":[1,0],"9":[1,0]},"inputSourceMap":{"version":3,"sources":["../../../../src/test/testcases/v1/portalApplications.ts"],"sourcesContent":["import { basePoint } from './_base';\nimport XConfig from '@config/_core';\nconst utils = require('@test/utils');\nlet utilsContext = utils.context;\n\nexport default\ndescribe('Portal Application', async () => {\n  const  endpoint = `${basePoint}/application`;\n  describe(`GET ${endpoint}`,  () => {\n    it(\"Get All Portal Application\", (done) => {\n        utilsContext.request\n          .get(`${endpoint}`)\n          .set('content-type', 'application/json')\n          .set('authorization', `Bearer ${utilsContext.token}`)\n          .end((err, res) => {\n            res.should.have.status(200);\n            res.body.should.be.a('object');\n            res.body.message.should.be.to.equal('Success');\n            res.body.data.should.be.a('array');\n            done();\n          });\n    });\n  });\n  describe(`POST ${endpoint}`,  () => {\n    it(\"Create a Portal Application without 'name'\", (done) => {\n        utilsContext.request\n          .post(`${endpoint}`)\n          .set('content-type', 'multipart/form-data; boundary=app')\n          .set('authorization', `Bearer ${utilsContext.token}`)\n          .field({\n            url: 'https://new-application.com'\n          })\n          .end((err, res) => {\n            res.should.have.status(400);\n            res.body.should.be.a('object');\n            done();\n          });\n    });\n    it(\"Create a Portal Application with empty string in 'name'\", (done) => {\n      utilsContext.request\n        .post(`${endpoint}`)\n        .set('content-type', 'multipart/form-data; boundary=app')\n        .set('authorization', `Bearer ${utilsContext.token}`)\n        .field({\n          url: 'https://new-application.com'\n        })\n        .end((err, res) => {\n          res.should.have.status(400);\n          res.body.should.be.a('object');\n          done();\n        });\n  });\n    it(\"Create a Portal Application without 'url'\", (done) => {\n        utilsContext.request\n          .post(`${endpoint}`)\n          .set('content-type', 'multipart/form-data; boundary=app')\n          .set('authorization', `Bearer ${utilsContext.token}`)\n          .field({\n            name: 'New Application'\n          })\n          .end((err, res) => {\n            res.should.have.status(400);\n            res.body.should.be.a('object');\n            done();\n          });\n    });\n    it(\"Create a Portal Application without 'logo'\", (done) => {\n        utilsContext.request\n          .post(`${endpoint}`)\n          .set('content-type', 'multipart/form-data; boundary=app')\n          .set('authorization', `Bearer ${utilsContext.token}`)\n          .field({\n            name: 'New Application',\n            url: 'https://new-application.com'\n          })\n          .end((err, res) => {\n            res.should.have.status(400);\n            res.body.should.be.a('object');\n            done();\n          });\n    });\n    it(\"Create a Portal Application without attach correct image\", (done) => {\n        utilsContext.request\n          .post(`${endpoint}`)\n          .set('content-type', 'multipart/form-data; boundary=app')\n          .set('authorization', `Bearer ${utilsContext.token}`)\n          .field({\n            name: 'New Application',\n            url: 'https://new-application.com'\n          })\n          .attach('logo',XConfig.get('/application/staticFile/root') + 'dummy/pdf_150kb.pdf')\n          .end((err, res) => {\n            res.should.have.status(400);\n            res.body.should.be.a('object');\n            done();\n          });\n    });\n    it(\"Create a Portal Application with correct data\", (done) => {\n        utilsContext.request\n          .post(`${endpoint}`)\n          .set('content-type', 'multipart/form-data; boundary=app')\n          .set('authorization', `Bearer ${utilsContext.token}`)\n          .field({\n            name: 'New Application',\n            url: 'https://new-application.com'\n          })\n          .attach('logo',XConfig.get('/application/staticFile/root') + 'dummy/image_25kb.png')\n          .end((err, res) => {\n            res.should.have.status(201);\n            res.body.should.be.a('object');\n            res.body.message.should.be.to.equal('Created');\n            done();\n          });\n    });\n  });\n  describe(`GET ${endpoint}/{applicationID}`,  () => {\n    it(\"Get Portal Application that created recently\", (done) => {\n        utilsContext.request\n          .get(`${endpoint}/3`)\n          .set('content-type', 'application/json')\n          .set('authorization', `Bearer ${utilsContext.token}`)\n          .end((err, res) => {\n            res.should.have.status(200);\n            res.body.should.be.a('object');\n            res.body.message.should.be.to.equal('Success');\n            res.body.data.should.be.a('object');\n            res.body.data.should.have.property('name');\n            res.body.data.name.should.be.to.equal('New Application');\n            done();\n          });\n    });\n    it(\"Get Unregistered ApplicationID\", (done) => {\n        utilsContext.request\n          .get(`${endpoint}/4`)\n          .set('content-type', 'application/json')\n          .set('authorization', `Bearer ${utilsContext.token}`)\n          .end((err, res) => {\n            res.should.have.status(404);\n            res.body.should.be.a('object');\n            done();\n          });\n    });\n  });\n\n  describe(`PATCH ${endpoint}/{applicationID}`,  () => {\n    it(\"Update Portal Application that created recently\", (done) => {\n        utilsContext.request\n          .patch(`${endpoint}/3`)\n          .set('content-type', 'application/json')\n          .set('authorization', `Bearer ${utilsContext.token}`)\n          .send({\n            name: 'New Application',\n            url: 'https://new-application.com',\n            description: 'This is a description',\n            isActive: false\n          })\n          .end((err, res) => {\n            res.should.have.status(200);\n            res.body.should.be.a('object');\n            res.body.message.should.be.to.equal('Updated.');\n            res.body.data.should.be.a('object');\n            res.body.data.should.have.property('description');\n            res.body.data.description.should.be.to.equal('This is a description');\n            res.body.data.isActive.should.be.to.equal(false);\n            done();\n          });\n    });\n    it(\"Update Portal Application that doesn't exist\", (done) => {\n        utilsContext.request\n          .patch(`${endpoint}/4`)\n          .set('content-type', 'application/json')\n          .set('authorization', `Bearer ${utilsContext.token}`)\n          .send({\n            name: 'New Application',\n            url: 'https://new-application.com',\n            description: 'This is a description',\n            isActive: false\n          })\n          .end((err, res) => {\n            res.should.have.status(404);\n            res.body.should.be.a('object');\n            done();\n          });\n    });\n    it(\"Update Portal Application without 'name'\", (done) => {\n        utilsContext.request\n          .patch(`${endpoint}/4`)\n          .set('content-type', 'application/json')\n          .set('authorization', `Bearer ${utilsContext.token}`)\n          .send({\n            url: 'https://new-application.com',\n            description: 'This is a description',\n            isActive: false\n          })\n          .end((err, res) => {\n            res.should.have.status(400);\n            res.body.should.be.a('object');\n            done();\n          });\n    });\n  });\n  describe(`PATCH ${endpoint}/{applicationID}/logo`,  () => {\n    it(\"Update Portal Application Logo that doesn't exist\", (done) => {\n      utilsContext.request\n        .patch(`${endpoint}/4/logo`)\n        .set('content-type', 'multipart/form-data')\n        .set('authorization', `Bearer ${utilsContext.token}`)\n        .attach('logo',XConfig.get('/application/staticFile/root') + 'dummy/pdf_150kb.pdf')\n        .end((err, res) => {\n          res.should.have.status(404);\n          res.body.should.be.a('object');\n          done();\n        });\n    });\n    it(\"Update Portal Application Logo with invalid 'logo'\", (done) => {\n      utilsContext.request\n        .patch(`${endpoint}/3/logo`)\n        .set('content-type', 'multipart/form-data')\n        .set('authorization', `Bearer ${utilsContext.token}`)\n        .attach('logo',XConfig.get('/application/staticFile/root') + 'dummy/pdf_150kb.pdf')\n        .end((err, res) => {\n          res.should.have.status(400);\n          res.body.should.be.a('object');\n          done();\n        });\n    });\n    it(\"Update Portal Application Logo with valid 'logo'\", (done) => {\n      utilsContext.request\n        .patch(`${endpoint}/3/logo`)\n        .set('content-type', 'multipart/form-data')\n        .set('authorization', `Bearer ${utilsContext.token}`)\n        .attach('logo',XConfig.get('/application/staticFile/root') + 'dummy/image_25kb.png')\n        .end((err, res) => {\n          res.should.have.status(200);\n          res.body.should.be.a('object');\n          done();\n        });\n    });\n  });\n\n  describe(`DELETE ${endpoint}/{applicationID}`,  () => {\n    it(\"Delete Portal Application that doesn't exist\", (done) => {\n      utilsContext.request\n        .delete(`${endpoint}/4`)\n        .set('content-type', 'application/json')\n        .set('authorization', `Bearer ${utilsContext.token}`)\n        .end((err, res) => {\n          res.should.have.status(404);\n          res.body.should.be.a('object');\n          done();\n        });\n    });\n    it(\"Delete Portal Application\", (done) => {\n      utilsContext.request\n        .delete(`${endpoint}/3`)\n        .set('content-type', 'application/json')\n        .set('authorization', `Bearer ${utilsContext.token}`)\n        .end((err, res) => {\n          res.should.have.status(200);\n          res.body.should.be.a('object');\n          done();\n        });\n    });\n  });\n\n});\n"],"mappings":";;;;;;;;;;;;;;;;;;;;;;;;;;;;;;;;;;;;;;;;AAAA;AAAA;AAAA;AAAA;AAAA;AAAA,kBAA0B;AAC1B,kBAAoB;AACpB,MAAM,QAAQ,QAAQ,aAAa;AACnC,IAAI,eAAe,MAAM;AAEzB,IAAO,6BACP,SAAS,sBAAsB,MAAY;AACzC,QAAO,WAAW,GAAG;AACrB,WAAS,OAAO,YAAa,MAAM;AACjC,OAAG,8BAA8B,CAAC,SAAS;AACvC,mBAAa,QACV,IAAI,GAAG,UAAU,EACjB,IAAI,gBAAgB,kBAAkB,EACtC,IAAI,iBAAiB,UAAU,aAAa,OAAO,EACnD,IAAI,CAAC,KAAK,QAAQ;AACjB,YAAI,OAAO,KAAK,OAAO,GAAG;AAC1B,YAAI,KAAK,OAAO,GAAG,EAAE,QAAQ;AAC7B,YAAI,KAAK,QAAQ,OAAO,GAAG,GAAG,MAAM,SAAS;AAC7C,YAAI,KAAK,KAAK,OAAO,GAAG,EAAE,OAAO;AACjC,aAAK;AAAA,MACP,CAAC;AAAA,IACP,CAAC;AAAA,EACH,CAAC;AACD,WAAS,QAAQ,YAAa,MAAM;AAClC,OAAG,8CAA8C,CAAC,SAAS;AACvD,mBAAa,QACV,KAAK,GAAG,UAAU,EAClB,IAAI,gBAAgB,mCAAmC,EACvD,IAAI,iBAAiB,UAAU,aAAa,OAAO,EACnD,MAAM;AAAA,QACL,KAAK;AAAA,MACP,CAAC,EACA,IAAI,CAAC,KAAK,QAAQ;AACjB,YAAI,OAAO,KAAK,OAAO,GAAG;AAC1B,YAAI,KAAK,OAAO,GAAG,EAAE,QAAQ;AAC7B,aAAK;AAAA,MACP,CAAC;AAAA,IACP,CAAC;AACD,OAAG,2DAA2D,CAAC,SAAS;AACtE,mBAAa,QACV,KAAK,GAAG,UAAU,EAClB,IAAI,gBAAgB,mCAAmC,EACvD,IAAI,iBAAiB,UAAU,aAAa,OAAO,EACnD,MAAM;AAAA,QACL,KAAK;AAAA,MACP,CAAC,EACA,IAAI,CAAC,KAAK,QAAQ;AACjB,YAAI,OAAO,KAAK,OAAO,GAAG;AAC1B,YAAI,KAAK,OAAO,GAAG,EAAE,QAAQ;AAC7B,aAAK;AAAA,MACP,CAAC;AAAA,IACP,CAAC;AACC,OAAG,6CAA6C,CAAC,SAAS;AACtD,mBAAa,QACV,KAAK,GAAG,UAAU,EAClB,IAAI,gBAAgB,mCAAmC,EACvD,IAAI,iBAAiB,UAAU,aAAa,OAAO,EACnD,MAAM;AAAA,QACL,MAAM;AAAA,MACR,CAAC,EACA,IAAI,CAAC,KAAK,QAAQ;AACjB,YAAI,OAAO,KAAK,OAAO,GAAG;AAC1B,YAAI,KAAK,OAAO,GAAG,EAAE,QAAQ;AAC7B,aAAK;AAAA,MACP,CAAC;AAAA,IACP,CAAC;AACD,OAAG,8CAA8C,CAAC,SAAS;AACvD,mBAAa,QACV,KAAK,GAAG,UAAU,EAClB,IAAI,gBAAgB,mCAAmC,EACvD,IAAI,iBAAiB,UAAU,aAAa,OAAO,EACnD,MAAM;AAAA,QACL,MAAM;AAAA,QACN,KAAK;AAAA,MACP,CAAC,EACA,IAAI,CAAC,KAAK,QAAQ;AACjB,YAAI,OAAO,KAAK,OAAO,GAAG;AAC1B,YAAI,KAAK,OAAO,GAAG,EAAE,QAAQ;AAC7B,aAAK;AAAA,MACP,CAAC;AAAA,IACP,CAAC;AACD,OAAG,4DAA4D,CAAC,SAAS;AACrE,mBAAa,QACV,KAAK,GAAG,UAAU,EAClB,IAAI,gBAAgB,mCAAmC,EACvD,IAAI,iBAAiB,UAAU,aAAa,OAAO,EACnD,MAAM;AAAA,QACL,MAAM;AAAA,QACN,KAAK;AAAA,MACP,CAAC,EACA,OAAO,QAAO,oBAAQ,IAAI,8BAA8B,IAAI,qBAAqB,EACjF,IAAI,CAAC,KAAK,QAAQ;AACjB,YAAI,OAAO,KAAK,OAAO,GAAG;AAC1B,YAAI,KAAK,OAAO,GAAG,EAAE,QAAQ;AAC7B,aAAK;AAAA,MACP,CAAC;AAAA,IACP,CAAC;AACD,OAAG,iDAAiD,CAAC,SAAS;AAC1D,mBAAa,QACV,KAAK,GAAG,UAAU,EAClB,IAAI,gBAAgB,mCAAmC,EACvD,IAAI,iBAAiB,UAAU,aAAa,OAAO,EACnD,MAAM;AAAA,QACL,MAAM;AAAA,QACN,KAAK;AAAA,MACP,CAAC,EACA,OAAO,QAAO,oBAAQ,IAAI,8BAA8B,IAAI,sBAAsB,EAClF,IAAI,CAAC,KAAK,QAAQ;AACjB,YAAI,OAAO,KAAK,OAAO,GAAG;AAC1B,YAAI,KAAK,OAAO,GAAG,EAAE,QAAQ;AAC7B,YAAI,KAAK,QAAQ,OAAO,GAAG,GAAG,MAAM,SAAS;AAC7C,aAAK;AAAA,MACP,CAAC;AAAA,IACP,CAAC;AAAA,EACH,CAAC;AACD,WAAS,OAAO,4BAA6B,MAAM;AACjD,OAAG,gDAAgD,CAAC,SAAS;AACzD,mBAAa,QACV,IAAI,GAAG,YAAY,EACnB,IAAI,gBAAgB,kBAAkB,EACtC,IAAI,iBAAiB,UAAU,aAAa,OAAO,EACnD,IAAI,CAAC,KAAK,QAAQ;AACjB,YAAI,OAAO,KAAK,OAAO,GAAG;AAC1B,YAAI,KAAK,OAAO,GAAG,EAAE,QAAQ;AAC7B,YAAI,KAAK,QAAQ,OAAO,GAAG,GAAG,MAAM,SAAS;AAC7C,YAAI,KAAK,KAAK,OAAO,GAAG,EAAE,QAAQ;AAClC,YAAI,KAAK,KAAK,OAAO,KAAK,SAAS,MAAM;AACzC,YAAI,KAAK,KAAK,KAAK,OAAO,GAAG,GAAG,MAAM,iBAAiB;AACvD,aAAK;AAAA,MACP,CAAC;AAAA,IACP,CAAC;AACD,OAAG,kCAAkC,CAAC,SAAS;AAC3C,mBAAa,QACV,IAAI,GAAG,YAAY,EACnB,IAAI,gBAAgB,kBAAkB,EACtC,IAAI,iBAAiB,UAAU,aAAa,OAAO,EACnD,IAAI,CAAC,KAAK,QAAQ;AACjB,YAAI,OAAO,KAAK,OAAO,GAAG;AAC1B,YAAI,KAAK,OAAO,GAAG,EAAE,QAAQ;AAC7B,aAAK;AAAA,MACP,CAAC;AAAA,IACP,CAAC;AAAA,EACH,CAAC;AAED,WAAS,SAAS,4BAA6B,MAAM;AACnD,OAAG,mDAAmD,CAAC,SAAS;AAC5D,mBAAa,QACV,MAAM,GAAG,YAAY,EACrB,IAAI,gBAAgB,kBAAkB,EACtC,IAAI,iBAAiB,UAAU,aAAa,OAAO,EACnD,KAAK;AAAA,QACJ,MAAM;AAAA,QACN,KAAK;AAAA,QACL,aAAa;AAAA,QACb,UAAU;AAAA,MACZ,CAAC,EACA,IAAI,CAAC,KAAK,QAAQ;AACjB,YAAI,OAAO,KAAK,OAAO,GAAG;AAC1B,YAAI,KAAK,OAAO,GAAG,EAAE,QAAQ;AAC7B,YAAI,KAAK,QAAQ,OAAO,GAAG,GAAG,MAAM,UAAU;AAC9C,YAAI,KAAK,KAAK,OAAO,GAAG,EAAE,QAAQ;AAClC,YAAI,KAAK,KAAK,OAAO,KAAK,SAAS,aAAa;AAChD,YAAI,KAAK,KAAK,YAAY,OAAO,GAAG,GAAG,MAAM,uBAAuB;AACpE,YAAI,KAAK,KAAK,SAAS,OAAO,GAAG,GAAG,MAAM,KAAK;AAC/C,aAAK;AAAA,MACP,CAAC;AAAA,IACP,CAAC;AACD,OAAG,gDAAgD,CAAC,SAAS;AACzD,mBAAa,QACV,MAAM,GAAG,YAAY,EACrB,IAAI,gBAAgB,kBAAkB,EACtC,IAAI,iBAAiB,UAAU,aAAa,OAAO,EACnD,KAAK;AAAA,QACJ,MAAM;AAAA,QACN,KAAK;AAAA,QACL,aAAa;AAAA,QACb,UAAU;AAAA,MACZ,CAAC,EACA,IAAI,CAAC,KAAK,QAAQ;AACjB,YAAI,OAAO,KAAK,OAAO,GAAG;AAC1B,YAAI,KAAK,OAAO,GAAG,EAAE,QAAQ;AAC7B,aAAK;AAAA,MACP,CAAC;AAAA,IACP,CAAC;AACD,OAAG,4CAA4C,CAAC,SAAS;AACrD,mBAAa,QACV,MAAM,GAAG,YAAY,EACrB,IAAI,gBAAgB,kBAAkB,EACtC,IAAI,iBAAiB,UAAU,aAAa,OAAO,EACnD,KAAK;AAAA,QACJ,KAAK;AAAA,QACL,aAAa;AAAA,QACb,UAAU;AAAA,MACZ,CAAC,EACA,IAAI,CAAC,KAAK,QAAQ;AACjB,YAAI,OAAO,KAAK,OAAO,GAAG;AAC1B,YAAI,KAAK,OAAO,GAAG,EAAE,QAAQ;AAC7B,aAAK;AAAA,MACP,CAAC;AAAA,IACP,CAAC;AAAA,EACH,CAAC;AACD,WAAS,SAAS,iCAAkC,MAAM;AACxD,OAAG,qDAAqD,CAAC,SAAS;AAChE,mBAAa,QACV,MAAM,GAAG,iBAAiB,EAC1B,IAAI,gBAAgB,qBAAqB,EACzC,IAAI,iBAAiB,UAAU,aAAa,OAAO,EACnD,OAAO,QAAO,oBAAQ,IAAI,8BAA8B,IAAI,qBAAqB,EACjF,IAAI,CAAC,KAAK,QAAQ;AACjB,YAAI,OAAO,KAAK,OAAO,GAAG;AAC1B,YAAI,KAAK,OAAO,GAAG,EAAE,QAAQ;AAC7B,aAAK;AAAA,MACP,CAAC;AAAA,IACL,CAAC;AACD,OAAG,sDAAsD,CAAC,SAAS;AACjE,mBAAa,QACV,MAAM,GAAG,iBAAiB,EAC1B,IAAI,gBAAgB,qBAAqB,EACzC,IAAI,iBAAiB,UAAU,aAAa,OAAO,EACnD,OAAO,QAAO,oBAAQ,IAAI,8BAA8B,IAAI,qBAAqB,EACjF,IAAI,CAAC,KAAK,QAAQ;AACjB,YAAI,OAAO,KAAK,OAAO,GAAG;AAC1B,YAAI,KAAK,OAAO,GAAG,EAAE,QAAQ;AAC7B,aAAK;AAAA,MACP,CAAC;AAAA,IACL,CAAC;AACD,OAAG,oDAAoD,CAAC,SAAS;AAC/D,mBAAa,QACV,MAAM,GAAG,iBAAiB,EAC1B,IAAI,gBAAgB,qBAAqB,EACzC,IAAI,iBAAiB,UAAU,aAAa,OAAO,EACnD,OAAO,QAAO,oBAAQ,IAAI,8BAA8B,IAAI,sBAAsB,EAClF,IAAI,CAAC,KAAK,QAAQ;AACjB,YAAI,OAAO,KAAK,OAAO,GAAG;AAC1B,YAAI,KAAK,OAAO,GAAG,EAAE,QAAQ;AAC7B,aAAK;AAAA,MACP,CAAC;AAAA,IACL,CAAC;AAAA,EACH,CAAC;AAED,WAAS,UAAU,4BAA6B,MAAM;AACpD,OAAG,gDAAgD,CAAC,SAAS;AAC3D,mBAAa,QACV,OAAO,GAAG,YAAY,EACtB,IAAI,gBAAgB,kBAAkB,EACtC,IAAI,iBAAiB,UAAU,aAAa,OAAO,EACnD,IAAI,CAAC,KAAK,QAAQ;AACjB,YAAI,OAAO,KAAK,OAAO,GAAG;AAC1B,YAAI,KAAK,OAAO,GAAG,EAAE,QAAQ;AAC7B,aAAK;AAAA,MACP,CAAC;AAAA,IACL,CAAC;AACD,OAAG,6BAA6B,CAAC,SAAS;AACxC,mBAAa,QACV,OAAO,GAAG,YAAY,EACtB,IAAI,gBAAgB,kBAAkB,EACtC,IAAI,iBAAiB,UAAU,aAAa,OAAO,EACnD,IAAI,CAAC,KAAK,QAAQ;AACjB,YAAI,OAAO,KAAK,OAAO,GAAG;AAC1B,YAAI,KAAK,OAAO,GAAG,EAAE,QAAQ;AAC7B,aAAK;AAAA,MACP,CAAC;AAAA,IACL,CAAC;AAAA,EACH,CAAC;AAEH,EAAC;","names":[]},"_coverageSchema":"1a1c01bbd47fc00a2c39e90264f33305004495a9","hash":"92aff6c571f441aa0df07cd621f164f91c92b865","contentHash":"2faee5ac2e3759ee080abfd0d9d19a10017caec3936766e67fbb3ffa7eaaf1c1"}}